2011-05-17 13:20:17,471:INFO    multiuserdsm 46 Starting Up... logging to ISB_8-3k_5k-near_far_GPU_2.log
2011-05-17 13:20:17,472:INFO    bundle 67 Reading fresh Network File networks/8-3k_5k-near_far.net
2011-05-17 13:20:17,473:INFO    bundle 89 Successfully read 8 lines from networks/8-3k_5k-near_far.net
2011-05-17 13:20:19,546:INFO    gpu 418 Asked:2,Have:4,Got:2
2011-05-17 13:20:19,684:INFO    gpu 462 Spawning 2 GPU Threads
2011-05-17 13:20:19,753:INFO    bundle 95 Calculating the channel matrix for 224 channels
2011-05-17 13:20:19,752:INFO    gpu 654 Initialising CUDA device 0:(98.69% Free)
2011-05-17 13:20:19,865:INFO    gpu 654 Initialising CUDA device 1:(98.69% Free)
2011-05-17 13:20:20,902:INFO    bundle 166 Lines are different, xtalk should not be symmetric
2011-05-17 13:20:20,907:INFO    bundle 176 Total:1792,%Yes:2.262277%
2011-05-17 13:20:20,991:INFO    algorithm 65 Starting Spectrum Balancing using ISB
2011-05-17 13:20:20,992:INFO    isb 70 Bisection
2011-05-17 13:20:20,992:INFO    isb 82 Beginning Bisection
2011-05-17 13:20:20,992:INFO    isb 97 Beginning l-range hunt;line:0
2011-05-17 13:20:21,062:INFO    isb 105 Overshot power budget:linepower:135.557,lastdrop:100%,budget:0.11
2011-05-17 13:20:21,096:INFO    isb 105 Overshot power budget:linepower:94.454,lastdrop:30%,budget:0.11
2011-05-17 13:20:21,130:INFO    isb 105 Overshot power budget:linepower:54.257,lastdrop:43%,budget:0.11
2011-05-17 13:20:21,164:INFO    isb 105 Overshot power budget:linepower:28.224,lastdrop:48%,budget:0.11
2011-05-17 13:20:21,197:INFO    isb 105 Overshot power budget:linepower:15.117,lastdrop:46%,budget:0.11
2011-05-17 13:20:21,231:INFO    isb 105 Overshot power budget:linepower:8.133,lastdrop:46%,budget:0.11
2011-05-17 13:20:21,265:INFO    isb 105 Overshot power budget:linepower:3.933,lastdrop:52%,budget:0.11
2011-05-17 13:20:21,298:INFO    isb 105 Overshot power budget:linepower:1.793,lastdrop:54%,budget:0.11
2011-05-17 13:20:21,332:INFO    isb 105 Overshot power budget:linepower:0.817,lastdrop:54%,budget:0.11
2011-05-17 13:20:21,366:INFO    isb 105 Overshot power budget:linepower:0.354,lastdrop:57%,budget:0.11
2011-05-17 13:20:21,399:INFO    isb 112 Satisfied power budget:linepower:0.10571,budget:0.11
2011-05-17 13:20:21,399:INFO    isb 133 Completed l-range hunt; max:1024.000000,min:512.000000
2011-05-17 13:20:21,400:INFO    isb 137 Beginning optimisation run;line:0
2011-05-17 13:20:21,514:INFO    isb 148 Completed optimisation run;line:0, l:960.000000
2011-05-17 13:20:21,514:INFO    isb 97 Beginning l-range hunt;line:1
2011-05-17 13:20:21,581:INFO    isb 105 Overshot power budget:linepower:3.550,lastdrop:100%,budget:0.11
2011-05-17 13:20:21,615:INFO    isb 112 Satisfied power budget:linepower:0.01023,budget:0.11
2011-05-17 13:20:21,615:INFO    isb 133 Completed l-range hunt; max:2.000000,min:1.000000
2011-05-17 13:20:21,616:INFO    isb 137 Beginning optimisation run;line:1
2011-05-17 13:20:21,649:INFO    isb 148 Completed optimisation run;line:1, l:1.500000
2011-05-17 13:20:21,649:INFO    isb 97 Beginning l-range hunt;line:2
2011-05-17 13:20:21,717:INFO    isb 105 Overshot power budget:linepower:562.531,lastdrop:100%,budget:0.11
2011-05-17 13:20:21,751:INFO    isb 112 Satisfied power budget:linepower:0.01561,budget:0.11
2011-05-17 13:20:21,751:INFO    isb 133 Completed l-range hunt; max:2.000000,min:1.000000
2011-05-17 13:20:21,751:INFO    isb 137 Beginning optimisation run;line:2
2011-05-17 13:20:21,919:INFO    isb 148 Completed optimisation run;line:2, l:1.781250
2011-05-17 13:20:21,919:INFO    isb 97 Beginning l-range hunt;line:3
2011-05-17 13:20:21,988:INFO    isb 105 Overshot power budget:linepower:532.058,lastdrop:100%,budget:0.11
2011-05-17 13:20:22,021:INFO    isb 105 Overshot power budget:linepower:75.329,lastdrop:86%,budget:0.11
2011-05-17 13:20:22,055:INFO    isb 105 Overshot power budget:linepower:15.256,lastdrop:80%,budget:0.11
2011-05-17 13:20:22,088:INFO    isb 105 Overshot power budget:linepower:2.862,lastdrop:81%,budget:0.11
2011-05-17 13:20:22,122:INFO    isb 105 Overshot power budget:linepower:1.044,lastdrop:64%,budget:0.11
2011-05-17 13:20:22,156:INFO    isb 105 Overshot power budget:linepower:0.169,lastdrop:84%,budget:0.11
2011-05-17 13:20:22,190:INFO    isb 112 Satisfied power budget:linepower:0.04553,budget:0.11
2011-05-17 13:20:22,190:INFO    isb 133 Completed l-range hunt; max:64.000000,min:32.000000
2011-05-17 13:20:22,190:INFO    isb 137 Beginning optimisation run;line:3
2011-05-17 13:20:22,223:INFO    isb 148 Completed optimisation run;line:3, l:48.000000
2011-05-17 13:20:22,223:INFO    isb 97 Beginning l-range hunt;line:4
2011-05-17 13:20:22,291:INFO    isb 105 Overshot power budget:linepower:239.268,lastdrop:100%,budget:0.11
2011-05-17 13:20:22,324:INFO    isb 105 Overshot power budget:linepower:123.301,lastdrop:48%,budget:0.11
2011-05-17 13:20:22,358:INFO    isb 105 Overshot power budget:linepower:61.510,lastdrop:50%,budget:0.11
2011-05-17 13:20:22,394:INFO    isb 105 Overshot power budget:linepower:29.706,lastdrop:52%,budget:0.11
2011-05-17 13:20:22,428:INFO    isb 105 Overshot power budget:linepower:15.147,lastdrop:49%,budget:0.11
2011-05-17 13:20:22,462:INFO    isb 105 Overshot power budget:linepower:7.083,lastdrop:53%,budget:0.11
2011-05-17 13:20:22,497:INFO    isb 105 Overshot power budget:linepower:3.149,lastdrop:56%,budget:0.11
2011-05-17 13:20:22,547:INFO    isb 105 Overshot power budget:linepower:1.547,lastdrop:51%,budget:0.11
2011-05-17 13:20:22,581:INFO    isb 105 Overshot power budget:linepower:0.835,lastdrop:46%,budget:0.11
2011-05-17 13:20:22,615:INFO    isb 105 Overshot power budget:linepower:0.303,lastdrop:64%,budget:0.11
2011-05-17 13:20:22,648:INFO    isb 105 Overshot power budget:linepower:0.163,lastdrop:46%,budget:0.11
2011-05-17 13:20:22,682:INFO    isb 112 Satisfied power budget:linepower:0.06648,budget:0.11
2011-05-17 13:20:22,682:INFO    isb 133 Completed l-range hunt; max:2048.000000,min:1024.000000
2011-05-17 13:20:22,683:INFO    isb 137 Beginning optimisation run;line:4
2011-05-17 13:20:22,750:INFO    isb 148 Completed optimisation run;line:4, l:1280.000000
2011-05-17 13:20:22,750:INFO    isb 97 Beginning l-range hunt;line:5
2011-05-17 13:20:22,817:INFO    isb 105 Overshot power budget:linepower:653.946,lastdrop:100%,budget:0.11
2011-05-17 13:20:22,851:INFO    isb 105 Overshot power budget:linepower:93.092,lastdrop:86%,budget:0.11
2011-05-17 13:20:22,885:INFO    isb 105 Overshot power budget:linepower:7.830,lastdrop:92%,budget:0.11
2011-05-17 13:20:22,919:INFO    isb 105 Overshot power budget:linepower:4.345,lastdrop:45%,budget:0.11
2011-05-17 13:20:22,953:INFO    isb 105 Overshot power budget:linepower:1.739,lastdrop:60%,budget:0.11
2011-05-17 13:20:22,987:INFO    isb 105 Overshot power budget:linepower:1.858,lastdrop:-7%,budget:0.11
2011-05-17 13:20:23,021:INFO    isb 105 Overshot power budget:linepower:0.805,lastdrop:57%,budget:0.11
2011-05-17 13:20:23,055:INFO    isb 105 Overshot power budget:linepower:0.446,lastdrop:45%,budget:0.11
2011-05-17 13:20:23,090:INFO    isb 105 Overshot power budget:linepower:0.249,lastdrop:44%,budget:0.11
2011-05-17 13:20:23,123:INFO    isb 105 Overshot power budget:linepower:0.154,lastdrop:38%,budget:0.11
2011-05-17 13:20:23,157:INFO    isb 112 Satisfied power budget:linepower:0.05684,budget:0.11
2011-05-17 13:20:23,157:INFO    isb 133 Completed l-range hunt; max:1024.000000,min:512.000000
2011-05-17 13:20:23,157:INFO    isb 137 Beginning optimisation run;line:5
2011-05-17 13:20:23,225:INFO    isb 148 Completed optimisation run;line:5, l:640.000000
2011-05-17 13:20:23,225:INFO    isb 97 Beginning l-range hunt;line:6
2011-05-17 13:20:23,293:INFO    isb 105 Overshot power budget:linepower:697.264,lastdrop:100%,budget:0.11
2011-05-17 13:20:23,328:INFO    isb 105 Overshot power budget:linepower:240.815,lastdrop:65%,budget:0.11
2011-05-17 13:20:23,361:INFO    isb 105 Overshot power budget:linepower:80.603,lastdrop:67%,budget:0.11
2011-05-17 13:20:23,406:INFO    isb 105 Overshot power budget:linepower:15.484,lastdrop:81%,budget:0.11
2011-05-17 13:20:23,451:INFO    isb 105 Overshot power budget:linepower:8.650,lastdrop:44%,budget:0.11
2011-05-17 13:20:23,485:INFO    isb 105 Overshot power budget:linepower:4.742,lastdrop:45%,budget:0.11
2011-05-17 13:20:23,519:INFO    isb 105 Overshot power budget:linepower:2.081,lastdrop:56%,budget:0.11
2011-05-17 13:20:23,575:INFO    isb 105 Overshot power budget:linepower:0.483,lastdrop:77%,budget:0.11
2011-05-17 13:20:23,609:INFO    isb 105 Overshot power budget:linepower:0.209,lastdrop:57%,budget:0.11
2011-05-17 13:20:23,643:INFO    isb 105 Overshot power budget:linepower:0.244,lastdrop:-17%,budget:0.11
2011-05-17 13:20:23,677:INFO    isb 105 Overshot power budget:linepower:0.178,lastdrop:27%,budget:0.11
2011-05-17 13:20:23,712:INFO    isb 112 Satisfied power budget:linepower:0.05485,budget:0.11
2011-05-17 13:20:23,712:INFO    isb 133 Completed l-range hunt; max:2048.000000,min:1024.000000
2011-05-17 13:20:23,712:INFO    isb 137 Beginning optimisation run;line:6
2011-05-17 13:20:23,779:INFO    isb 148 Completed optimisation run;line:6, l:1792.000000
2011-05-17 13:20:23,780:INFO    isb 97 Beginning l-range hunt;line:7
2011-05-17 13:20:23,847:INFO    isb 105 Overshot power budget:linepower:4.799,lastdrop:100%,budget:0.11
2011-05-17 13:20:23,880:INFO    isb 105 Overshot power budget:linepower:4.799,lastdrop:0%,budget:0.11
2011-05-17 13:20:23,914:INFO    isb 105 Overshot power budget:linepower:3.648,lastdrop:24%,budget:0.11
2011-05-17 13:20:23,948:INFO    isb 105 Overshot power budget:linepower:2.464,lastdrop:32%,budget:0.11
2011-05-17 13:20:23,982:INFO    isb 105 Overshot power budget:linepower:1.522,lastdrop:38%,budget:0.11
2011-05-17 13:20:24,016:INFO    isb 105 Overshot power budget:linepower:0.379,lastdrop:75%,budget:0.11
2011-05-17 13:20:24,049:INFO    isb 105 Overshot power budget:linepower:0.333,lastdrop:12%,budget:0.11
2011-05-17 13:20:24,083:INFO    isb 105 Overshot power budget:linepower:0.257,lastdrop:23%,budget:0.11
2011-05-17 13:20:24,116:INFO    isb 105 Overshot power budget:linepower:0.160,lastdrop:38%,budget:0.11
2011-05-17 13:20:24,150:INFO    isb 105 Overshot power budget:linepower:0.119,lastdrop:26%,budget:0.11
2011-05-17 13:20:24,184:INFO    isb 112 Satisfied power budget:linepower:0.09702,budget:0.11
2011-05-17 13:20:24,184:INFO    isb 133 Completed l-range hunt; max:1024.000000,min:512.000000
2011-05-17 13:20:24,184:INFO    isb 137 Beginning optimisation run;line:7
2011-05-17 13:20:24,217:INFO    isb 148 Completed optimisation run;line:7, l:768.000000
2011-05-17 13:20:24,595:INFO    bundle 302 Cache Hits:0
2011-05-17 13:20:24,595:INFO    bundle 303 Cache Mises:0
2011-05-17 13:20:24,618:INFO    bundle 321 Line:0,Power:966.239mW,Rate:839bpf
2011-05-17 13:20:24,640:INFO    bundle 321 Line:1,Power:1032.897mW,Rate:2328bpf
2011-05-17 13:20:24,663:INFO    bundle 321 Line:2,Power:970.832mW,Rate:478bpf
2011-05-17 13:20:24,686:INFO    bundle 321 Line:3,Power:968.682mW,Rate:2349bpf
2011-05-17 13:20:24,708:INFO    bundle 321 Line:4,Power:966.272mW,Rate:685bpf
2011-05-17 13:20:24,731:INFO    bundle 321 Line:5,Power:966.365mW,Rate:1543bpf
2011-05-17 13:20:24,753:INFO    bundle 321 Line:6,Power:966.117mW,Rate:276bpf
2011-05-17 13:20:24,776:INFO    bundle 321 Line:7,Power:966.098mW,Rate:1714bpf
2011-05-17 13:20:24,776:INFO    bundle 327 Bundle Rate:10212bpf
2011-05-17 13:20:24,810:INFO    algorithm 101 All Done Here, took 3.784882, hit ratio of 0.0000
