2011-05-17 13:20:38,037:INFO    multiuserdsm 46 Starting Up... logging to ISB_8-3k_5k-near_far_GPU_4.log
2011-05-17 13:20:38,038:INFO    bundle 67 Reading fresh Network File networks/8-3k_5k-near_far.net
2011-05-17 13:20:38,039:INFO    bundle 89 Successfully read 8 lines from networks/8-3k_5k-near_far.net
2011-05-17 13:20:40,174:INFO    gpu 418 Asked:4,Have:4,Got:4
2011-05-17 13:20:40,306:INFO    gpu 462 Spawning 4 GPU Threads
2011-05-17 13:20:40,373:INFO    gpu 654 Initialising CUDA device 0:(98.69% Free)
2011-05-17 13:20:40,607:INFO    bundle 95 Calculating the channel matrix for 224 channels
2011-05-17 13:20:40,607:INFO    gpu 654 Initialising CUDA device 1:(98.69% Free)
2011-05-17 13:20:40,603:INFO    gpu 654 Initialising CUDA device 3:(98.69% Free)
2011-05-17 13:20:40,608:INFO    gpu 654 Initialising CUDA device 2:(98.69% Free)
2011-05-17 13:20:41,482:INFO    bundle 166 Lines are different, xtalk should not be symmetric
2011-05-17 13:20:41,486:INFO    bundle 176 Total:1792,%Yes:2.262277%
2011-05-17 13:20:41,531:INFO    algorithm 65 Starting Spectrum Balancing using ISB
2011-05-17 13:20:41,531:INFO    isb 70 Bisection
2011-05-17 13:20:41,531:INFO    isb 82 Beginning Bisection
2011-05-17 13:20:41,532:INFO    isb 97 Beginning l-range hunt;line:0
2011-05-17 13:20:41,583:INFO    isb 105 Overshot power budget:linepower:135.557,lastdrop:100%,budget:0.11
2011-05-17 13:20:41,608:INFO    isb 105 Overshot power budget:linepower:94.454,lastdrop:30%,budget:0.11
2011-05-17 13:20:41,632:INFO    isb 105 Overshot power budget:linepower:54.257,lastdrop:43%,budget:0.11
2011-05-17 13:20:41,656:INFO    isb 105 Overshot power budget:linepower:28.224,lastdrop:48%,budget:0.11
2011-05-17 13:20:41,681:INFO    isb 105 Overshot power budget:linepower:15.117,lastdrop:46%,budget:0.11
2011-05-17 13:20:41,705:INFO    isb 105 Overshot power budget:linepower:8.133,lastdrop:46%,budget:0.11
2011-05-17 13:20:41,729:INFO    isb 105 Overshot power budget:linepower:3.933,lastdrop:52%,budget:0.11
2011-05-17 13:20:41,753:INFO    isb 105 Overshot power budget:linepower:1.793,lastdrop:54%,budget:0.11
2011-05-17 13:20:41,778:INFO    isb 105 Overshot power budget:linepower:0.817,lastdrop:54%,budget:0.11
2011-05-17 13:20:41,803:INFO    isb 105 Overshot power budget:linepower:0.354,lastdrop:57%,budget:0.11
2011-05-17 13:20:41,827:INFO    isb 112 Satisfied power budget:linepower:0.10571,budget:0.11
2011-05-17 13:20:41,827:INFO    isb 133 Completed l-range hunt; max:1024.000000,min:512.000000
2011-05-17 13:20:41,827:INFO    isb 137 Beginning optimisation run;line:0
2011-05-17 13:20:41,902:INFO    isb 148 Completed optimisation run;line:0, l:960.000000
2011-05-17 13:20:41,902:INFO    isb 97 Beginning l-range hunt;line:1
2011-05-17 13:20:41,954:INFO    isb 105 Overshot power budget:linepower:3.550,lastdrop:100%,budget:0.11
2011-05-17 13:20:41,979:INFO    isb 112 Satisfied power budget:linepower:0.01023,budget:0.11
2011-05-17 13:20:41,980:INFO    isb 133 Completed l-range hunt; max:2.000000,min:1.000000
2011-05-17 13:20:41,980:INFO    isb 137 Beginning optimisation run;line:1
2011-05-17 13:20:42,007:INFO    isb 148 Completed optimisation run;line:1, l:1.500000
2011-05-17 13:20:42,008:INFO    isb 97 Beginning l-range hunt;line:2
2011-05-17 13:20:42,072:INFO    isb 105 Overshot power budget:linepower:562.531,lastdrop:100%,budget:0.11
2011-05-17 13:20:42,097:INFO    isb 112 Satisfied power budget:linepower:0.01561,budget:0.11
2011-05-17 13:20:42,097:INFO    isb 133 Completed l-range hunt; max:2.000000,min:1.000000
2011-05-17 13:20:42,097:INFO    isb 137 Beginning optimisation run;line:2
2011-05-17 13:20:42,247:INFO    isb 148 Completed optimisation run;line:2, l:1.781250
2011-05-17 13:20:42,247:INFO    isb 97 Beginning l-range hunt;line:3
2011-05-17 13:20:42,299:INFO    isb 105 Overshot power budget:linepower:532.058,lastdrop:100%,budget:0.11
2011-05-17 13:20:42,324:INFO    isb 105 Overshot power budget:linepower:75.329,lastdrop:86%,budget:0.11
2011-05-17 13:20:42,350:INFO    isb 105 Overshot power budget:linepower:15.256,lastdrop:80%,budget:0.11
2011-05-17 13:20:42,376:INFO    isb 105 Overshot power budget:linepower:2.862,lastdrop:81%,budget:0.11
2011-05-17 13:20:42,401:INFO    isb 105 Overshot power budget:linepower:1.044,lastdrop:64%,budget:0.11
2011-05-17 13:20:42,427:INFO    isb 105 Overshot power budget:linepower:0.169,lastdrop:84%,budget:0.11
2011-05-17 13:20:42,452:INFO    isb 112 Satisfied power budget:linepower:0.04553,budget:0.11
2011-05-17 13:20:42,452:INFO    isb 133 Completed l-range hunt; max:64.000000,min:32.000000
2011-05-17 13:20:42,453:INFO    isb 137 Beginning optimisation run;line:3
2011-05-17 13:20:42,478:INFO    isb 148 Completed optimisation run;line:3, l:48.000000
2011-05-17 13:20:42,478:INFO    isb 97 Beginning l-range hunt;line:4
2011-05-17 13:20:42,527:INFO    isb 105 Overshot power budget:linepower:239.268,lastdrop:100%,budget:0.11
2011-05-17 13:20:42,553:INFO    isb 105 Overshot power budget:linepower:123.301,lastdrop:48%,budget:0.11
2011-05-17 13:20:42,579:INFO    isb 105 Overshot power budget:linepower:61.510,lastdrop:50%,budget:0.11
2011-05-17 13:20:42,604:INFO    isb 105 Overshot power budget:linepower:29.706,lastdrop:52%,budget:0.11
2011-05-17 13:20:42,629:INFO    isb 105 Overshot power budget:linepower:15.147,lastdrop:49%,budget:0.11
2011-05-17 13:20:42,654:INFO    isb 105 Overshot power budget:linepower:7.083,lastdrop:53%,budget:0.11
2011-05-17 13:20:42,680:INFO    isb 105 Overshot power budget:linepower:3.149,lastdrop:56%,budget:0.11
2011-05-17 13:20:42,705:INFO    isb 105 Overshot power budget:linepower:1.547,lastdrop:51%,budget:0.11
2011-05-17 13:20:42,730:INFO    isb 105 Overshot power budget:linepower:0.835,lastdrop:46%,budget:0.11
2011-05-17 13:20:42,756:INFO    isb 105 Overshot power budget:linepower:0.303,lastdrop:64%,budget:0.11
2011-05-17 13:20:42,781:INFO    isb 105 Overshot power budget:linepower:0.163,lastdrop:46%,budget:0.11
2011-05-17 13:20:42,806:INFO    isb 112 Satisfied power budget:linepower:0.06648,budget:0.11
2011-05-17 13:20:42,806:INFO    isb 133 Completed l-range hunt; max:2048.000000,min:1024.000000
2011-05-17 13:20:42,806:INFO    isb 137 Beginning optimisation run;line:4
2011-05-17 13:20:42,856:INFO    isb 148 Completed optimisation run;line:4, l:1280.000000
2011-05-17 13:20:42,856:INFO    isb 97 Beginning l-range hunt;line:5
2011-05-17 13:20:42,907:INFO    isb 105 Overshot power budget:linepower:653.946,lastdrop:100%,budget:0.11
2011-05-17 13:20:42,931:INFO    isb 105 Overshot power budget:linepower:93.092,lastdrop:86%,budget:0.11
2011-05-17 13:20:42,957:INFO    isb 105 Overshot power budget:linepower:7.830,lastdrop:92%,budget:0.11
2011-05-17 13:20:42,983:INFO    isb 105 Overshot power budget:linepower:4.345,lastdrop:45%,budget:0.11
2011-05-17 13:20:43,011:INFO    isb 105 Overshot power budget:linepower:1.739,lastdrop:60%,budget:0.11
2011-05-17 13:20:43,036:INFO    isb 105 Overshot power budget:linepower:1.858,lastdrop:-7%,budget:0.11
2011-05-17 13:20:43,073:INFO    isb 105 Overshot power budget:linepower:0.805,lastdrop:57%,budget:0.11
2011-05-17 13:20:43,099:INFO    isb 105 Overshot power budget:linepower:0.446,lastdrop:45%,budget:0.11
2011-05-17 13:20:43,123:INFO    isb 105 Overshot power budget:linepower:0.249,lastdrop:44%,budget:0.11
2011-05-17 13:20:43,148:INFO    isb 105 Overshot power budget:linepower:0.154,lastdrop:38%,budget:0.11
2011-05-17 13:20:43,195:INFO    isb 112 Satisfied power budget:linepower:0.05684,budget:0.11
2011-05-17 13:20:43,195:INFO    isb 133 Completed l-range hunt; max:1024.000000,min:512.000000
2011-05-17 13:20:43,196:INFO    isb 137 Beginning optimisation run;line:5
2011-05-17 13:20:43,247:INFO    isb 148 Completed optimisation run;line:5, l:640.000000
2011-05-17 13:20:43,247:INFO    isb 97 Beginning l-range hunt;line:6
2011-05-17 13:20:43,297:INFO    isb 105 Overshot power budget:linepower:697.264,lastdrop:100%,budget:0.11
2011-05-17 13:20:43,321:INFO    isb 105 Overshot power budget:linepower:240.815,lastdrop:65%,budget:0.11
2011-05-17 13:20:43,346:INFO    isb 105 Overshot power budget:linepower:80.603,lastdrop:67%,budget:0.11
2011-05-17 13:20:43,370:INFO    isb 105 Overshot power budget:linepower:15.484,lastdrop:81%,budget:0.11
2011-05-17 13:20:43,396:INFO    isb 105 Overshot power budget:linepower:8.650,lastdrop:44%,budget:0.11
2011-05-17 13:20:43,422:INFO    isb 105 Overshot power budget:linepower:4.742,lastdrop:45%,budget:0.11
2011-05-17 13:20:43,446:INFO    isb 105 Overshot power budget:linepower:2.081,lastdrop:56%,budget:0.11
2011-05-17 13:20:43,472:INFO    isb 105 Overshot power budget:linepower:0.483,lastdrop:77%,budget:0.11
2011-05-17 13:20:43,497:INFO    isb 105 Overshot power budget:linepower:0.209,lastdrop:57%,budget:0.11
2011-05-17 13:20:43,522:INFO    isb 105 Overshot power budget:linepower:0.244,lastdrop:-17%,budget:0.11
2011-05-17 13:20:43,547:INFO    isb 105 Overshot power budget:linepower:0.178,lastdrop:27%,budget:0.11
2011-05-17 13:20:43,572:INFO    isb 112 Satisfied power budget:linepower:0.05485,budget:0.11
2011-05-17 13:20:43,572:INFO    isb 133 Completed l-range hunt; max:2048.000000,min:1024.000000
2011-05-17 13:20:43,572:INFO    isb 137 Beginning optimisation run;line:6
2011-05-17 13:20:43,621:INFO    isb 148 Completed optimisation run;line:6, l:1792.000000
2011-05-17 13:20:43,621:INFO    isb 97 Beginning l-range hunt;line:7
2011-05-17 13:20:43,672:INFO    isb 105 Overshot power budget:linepower:4.799,lastdrop:100%,budget:0.11
2011-05-17 13:20:43,697:INFO    isb 105 Overshot power budget:linepower:4.799,lastdrop:0%,budget:0.11
2011-05-17 13:20:43,723:INFO    isb 105 Overshot power budget:linepower:3.648,lastdrop:24%,budget:0.11
2011-05-17 13:20:43,748:INFO    isb 105 Overshot power budget:linepower:2.464,lastdrop:32%,budget:0.11
2011-05-17 13:20:43,772:INFO    isb 105 Overshot power budget:linepower:1.522,lastdrop:38%,budget:0.11
2011-05-17 13:20:43,798:INFO    isb 105 Overshot power budget:linepower:0.379,lastdrop:75%,budget:0.11
2011-05-17 13:20:43,821:INFO    isb 105 Overshot power budget:linepower:0.333,lastdrop:12%,budget:0.11
2011-05-17 13:20:43,846:INFO    isb 105 Overshot power budget:linepower:0.257,lastdrop:23%,budget:0.11
2011-05-17 13:20:43,872:INFO    isb 105 Overshot power budget:linepower:0.160,lastdrop:38%,budget:0.11
2011-05-17 13:20:43,898:INFO    isb 105 Overshot power budget:linepower:0.119,lastdrop:26%,budget:0.11
2011-05-17 13:20:43,922:INFO    isb 112 Satisfied power budget:linepower:0.09702,budget:0.11
2011-05-17 13:20:43,922:INFO    isb 133 Completed l-range hunt; max:1024.000000,min:512.000000
2011-05-17 13:20:43,922:INFO    isb 137 Beginning optimisation run;line:7
2011-05-17 13:20:43,947:INFO    isb 148 Completed optimisation run;line:7, l:768.000000
2011-05-17 13:20:44,282:INFO    bundle 302 Cache Hits:0
2011-05-17 13:20:44,282:INFO    bundle 303 Cache Mises:0
2011-05-17 13:20:44,305:INFO    bundle 321 Line:0,Power:966.239mW,Rate:839bpf
2011-05-17 13:20:44,329:INFO    bundle 321 Line:1,Power:1032.897mW,Rate:2328bpf
2011-05-17 13:20:44,351:INFO    bundle 321 Line:2,Power:970.832mW,Rate:478bpf
2011-05-17 13:20:44,374:INFO    bundle 321 Line:3,Power:968.682mW,Rate:2349bpf
2011-05-17 13:20:44,397:INFO    bundle 321 Line:4,Power:966.272mW,Rate:685bpf
2011-05-17 13:20:44,420:INFO    bundle 321 Line:5,Power:966.365mW,Rate:1543bpf
2011-05-17 13:20:44,442:INFO    bundle 321 Line:6,Power:966.117mW,Rate:276bpf
2011-05-17 13:20:44,465:INFO    bundle 321 Line:7,Power:966.098mW,Rate:1714bpf
2011-05-17 13:20:44,466:INFO    bundle 327 Bundle Rate:10212bpf
2011-05-17 13:20:44,500:INFO    algorithm 101 All Done Here, took 2.934667, hit ratio of 0.0000
