INFO    multiuserdsm 46 Starting Up... logging to ISB_3-3k_5k-near_far.net_GPU_1.log
INFO    bundle 67 Reading fresh Network File networks/3-3k_5k-near_far.net
INFO    bundle 89 Successfully read 3 lines from networks/3-3k_5k-near_far.net
INFO    gpu 435 Spawning 1 GPU Threads
INFO    gpu 616 Initialising CUDA device
INFO    bundle 95 Calculating the channel matrix for 224 channels
INFO    bundle 100 Running self check:
INFO    bundle 164 set([(0, 5000), (4000, 7000)])
INFO    bundle 168 Lines are different, xtalk should not be symmetric
INFO    bundle 178 Total:672,%Yes:1.413690%
INFO    algorithm 48 Starting Spectrum Balancing using ISB
INFO    isb 71 Bisection
INFO    isb 82 Beginning Bisection
INFO    isb 97 Beginning l-range hunt;line:0
INFO    isb 105 Overshot power budget:linepower:313.710,lastdrop:100%,budget:0.11
INFO    isb 105 Overshot power budget:linepower:178.310,lastdrop:43%,budget:0.11
INFO    isb 105 Overshot power budget:linepower:96.520,lastdrop:46%,budget:0.11
INFO    isb 105 Overshot power budget:linepower:51.088,lastdrop:47%,budget:0.11
INFO    isb 105 Overshot power budget:linepower:26.454,lastdrop:48%,budget:0.11
INFO    isb 105 Overshot power budget:linepower:13.502,lastdrop:49%,budget:0.11
INFO    isb 105 Overshot power budget:linepower:6.621,lastdrop:51%,budget:0.11
INFO    isb 105 Overshot power budget:linepower:3.146,lastdrop:52%,budget:0.11
INFO    isb 105 Overshot power budget:linepower:1.554,lastdrop:51%,budget:0.11
INFO    isb 105 Overshot power budget:linepower:0.761,lastdrop:51%,budget:0.11
INFO    isb 105 Overshot power budget:linepower:0.361,lastdrop:53%,budget:0.11
INFO    isb 105 Overshot power budget:linepower:0.169,lastdrop:53%,budget:0.11
INFO    isb 112 Satisfied power budget:linepower:0.07576,budget:0.11
INFO    isb 133 Completed l-range hunt; max:4096.000000,min:2048.000000
INFO    isb 137 Beginning optimisation run;line:0
INFO    isb 148 Completed optimisation run;line:0, l:3008.000000
INFO    isb 97 Beginning l-range hunt;line:1
INFO    isb 124 Zeroed lambda on 1:linepower:0.00241,budget:0.11
INFO    isb 133 Completed l-range hunt; max:1.000000,min:0.500000
INFO    isb 137 Beginning optimisation run;line:1
INFO    isb 148 Completed optimisation run;line:1, l:0.750000
INFO    isb 97 Beginning l-range hunt;line:2
INFO    isb 105 Overshot power budget:linepower:4.737,lastdrop:100%,budget:0.11
INFO    isb 105 Overshot power budget:linepower:4.737,lastdrop:0%,budget:0.11
INFO    isb 105 Overshot power budget:linepower:4.737,lastdrop:0%,budget:0.11
INFO    isb 105 Overshot power budget:linepower:4.737,lastdrop:0%,budget:0.11
INFO    isb 105 Overshot power budget:linepower:4.249,lastdrop:10%,budget:0.11
INFO    isb 105 Overshot power budget:linepower:3.014,lastdrop:29%,budget:0.11
INFO    isb 105 Overshot power budget:linepower:1.925,lastdrop:36%,budget:0.11
INFO    isb 105 Overshot power budget:linepower:1.156,lastdrop:40%,budget:0.11
INFO    isb 105 Overshot power budget:linepower:0.665,lastdrop:42%,budget:0.11
INFO    isb 105 Overshot power budget:linepower:0.368,lastdrop:45%,budget:0.11
INFO    isb 105 Overshot power budget:linepower:0.214,lastdrop:42%,budget:0.11
INFO    isb 105 Overshot power budget:linepower:0.136,lastdrop:36%,budget:0.11
INFO    isb 112 Satisfied power budget:linepower:0.06808,budget:0.11
INFO    isb 133 Completed l-range hunt; max:4096.000000,min:2048.000000
INFO    isb 137 Beginning optimisation run;line:2
INFO    isb 148 Completed optimisation run;line:2, l:2944.000000
INFO    bundle 307 Cache Hits:0
INFO    bundle 308 Cache Mises:0
INFO    bundle 328 Line:0,Power:966.098mW,Rate:751bpf
INFO    bundle 328 Line:1,Power:966.004mW,Rate:738bpf
INFO    bundle 328 Line:2,Power:966.109mW,Rate:1766bpf
INFO    bundle 334 Bundle Rate:3255bpf
INFO    algorithm 84 All Done Here, took 0.557181, hit ratio of 0.0000
