2011-05-17 12:23:15,571:INFO    multiuserdsm 46 Starting Up... logging to ISB_3-3k_5k-near_far_GPU_1.log
2011-05-17 12:23:15,572:INFO    bundle 67 Reading fresh Network File networks/3-3k_5k-near_far.net
2011-05-17 12:23:15,572:INFO    bundle 89 Successfully read 3 lines from networks/3-3k_5k-near_far.net
2011-05-17 12:23:17,705:INFO    gpu 418 Asked:1,Have:4,Got:1
2011-05-17 12:23:17,837:INFO    gpu 462 Spawning 1 GPU Threads
2011-05-17 12:23:17,905:INFO    gpu 655 Initialising CUDA device 0:(98.69% Free)
2011-05-17 12:23:17,908:INFO    bundle 95 Calculating the channel matrix for 224 channels
2011-05-17 12:23:18,044:INFO    bundle 166 Lines are different, xtalk should not be symmetric
2011-05-17 12:23:18,050:INFO    bundle 176 Total:672,%Yes:1.413690%
2011-05-17 12:23:18,132:INFO    algorithm 65 Starting Spectrum Balancing using ISB
2011-05-17 12:23:18,132:INFO    isb 70 Bisection
2011-05-17 12:23:18,132:INFO    isb 82 Beginning Bisection
2011-05-17 12:23:18,132:INFO    isb 97 Beginning l-range hunt;line:0
2011-05-17 12:23:18,145:INFO    isb 105 Overshot power budget:linepower:340.375,lastdrop:100%,budget:0.11
2011-05-17 12:23:18,150:INFO    isb 105 Overshot power budget:linepower:194.331,lastdrop:43%,budget:0.11
2011-05-17 12:23:18,156:INFO    isb 105 Overshot power budget:linepower:104.208,lastdrop:46%,budget:0.11
2011-05-17 12:23:18,162:INFO    isb 105 Overshot power budget:linepower:53.763,lastdrop:48%,budget:0.11
2011-05-17 12:23:18,167:INFO    isb 105 Overshot power budget:linepower:27.911,lastdrop:48%,budget:0.11
2011-05-17 12:23:18,173:INFO    isb 105 Overshot power budget:linepower:14.194,lastdrop:49%,budget:0.11
2011-05-17 12:23:18,179:INFO    isb 105 Overshot power budget:linepower:6.927,lastdrop:51%,budget:0.11
2011-05-17 12:23:18,185:INFO    isb 105 Overshot power budget:linepower:3.296,lastdrop:52%,budget:0.11
2011-05-17 12:23:18,190:INFO    isb 105 Overshot power budget:linepower:1.608,lastdrop:51%,budget:0.11
2011-05-17 12:23:18,196:INFO    isb 105 Overshot power budget:linepower:0.783,lastdrop:51%,budget:0.11
2011-05-17 12:23:18,202:INFO    isb 105 Overshot power budget:linepower:0.365,lastdrop:53%,budget:0.11
2011-05-17 12:23:18,208:INFO    isb 105 Overshot power budget:linepower:0.169,lastdrop:54%,budget:0.11
2011-05-17 12:23:18,213:INFO    isb 112 Satisfied power budget:linepower:0.07576,budget:0.11
2011-05-17 12:23:18,214:INFO    isb 133 Completed l-range hunt; max:4096.000000,min:2048.000000
2011-05-17 12:23:18,214:INFO    isb 137 Beginning optimisation run;line:0
2011-05-17 12:23:18,219:INFO    isb 148 Completed optimisation run;line:0, l:3072.000000
2011-05-17 12:23:18,220:INFO    isb 97 Beginning l-range hunt;line:1
2011-05-17 12:23:18,236:INFO    isb 124 Zeroed lambda on 1:linepower:0.00171,budget:0.11
2011-05-17 12:23:18,237:INFO    isb 133 Completed l-range hunt; max:1.000000,min:0.500000
2011-05-17 12:23:18,237:INFO    isb 137 Beginning optimisation run;line:1
2011-05-17 12:23:18,242:INFO    isb 148 Completed optimisation run;line:1, l:0.750000
2011-05-17 12:23:18,243:INFO    isb 97 Beginning l-range hunt;line:2
2011-05-17 12:23:18,254:INFO    isb 105 Overshot power budget:linepower:9.413,lastdrop:100%,budget:0.11
2011-05-17 12:23:18,260:INFO    isb 105 Overshot power budget:linepower:9.413,lastdrop:0%,budget:0.11
2011-05-17 12:23:18,265:INFO    isb 105 Overshot power budget:linepower:9.413,lastdrop:0%,budget:0.11
2011-05-17 12:23:18,271:INFO    isb 105 Overshot power budget:linepower:8.437,lastdrop:10%,budget:0.11
2011-05-17 12:23:18,277:INFO    isb 105 Overshot power budget:linepower:5.966,lastdrop:29%,budget:0.11
2011-05-17 12:23:18,282:INFO    isb 105 Overshot power budget:linepower:3.788,lastdrop:37%,budget:0.11
2011-05-17 12:23:18,288:INFO    isb 105 Overshot power budget:linepower:2.251,lastdrop:41%,budget:0.11
2011-05-17 12:23:18,294:INFO    isb 105 Overshot power budget:linepower:1.268,lastdrop:44%,budget:0.11
2011-05-17 12:23:18,299:INFO    isb 105 Overshot power budget:linepower:0.676,lastdrop:47%,budget:0.11
2011-05-17 12:23:18,305:INFO    isb 105 Overshot power budget:linepower:0.368,lastdrop:46%,budget:0.11
2011-05-17 12:23:18,311:INFO    isb 105 Overshot power budget:linepower:0.213,lastdrop:42%,budget:0.11
2011-05-17 12:23:18,317:INFO    isb 105 Overshot power budget:linepower:0.135,lastdrop:36%,budget:0.11
2011-05-17 12:23:18,322:INFO    isb 112 Satisfied power budget:linepower:0.06818,budget:0.11
2011-05-17 12:23:18,322:INFO    isb 133 Completed l-range hunt; max:4096.000000,min:2048.000000
2011-05-17 12:23:18,322:INFO    isb 137 Beginning optimisation run;line:2
2011-05-17 12:23:18,328:INFO    isb 148 Completed optimisation run;line:2, l:3072.000000
2011-05-17 12:23:18,583:INFO    bundle 302 Cache Hits:0
2011-05-17 12:23:18,583:INFO    bundle 303 Cache Mises:0
2011-05-17 12:23:18,599:INFO    bundle 321 Line:0,Power:966.095mW,Rate:748bpf
2011-05-17 12:23:18,615:INFO    bundle 321 Line:1,Power:966.004mW,Rate:734bpf
2011-05-17 12:23:18,632:INFO    bundle 321 Line:2,Power:966.106mW,Rate:1757bpf
2011-05-17 12:23:18,632:INFO    bundle 327 Bundle Rate:3239bpf
2011-05-17 12:23:18,645:INFO    algorithm 101 All Done Here, took 0.500068, hit ratio of 0.0000
2011-05-17 12:39:09,722:INFO    multiuserdsm 46 Starting Up... logging to ISB_3-3k_5k-near_far_GPU_1.log
2011-05-17 12:39:09,724:INFO    bundle 67 Reading fresh Network File networks/3-3k_5k-near_far.net
2011-05-17 12:39:09,724:INFO    bundle 89 Successfully read 3 lines from networks/3-3k_5k-near_far.net
2011-05-17 12:39:11,728:INFO    gpu 418 Asked:1,Have:4,Got:1
2011-05-17 12:39:11,866:INFO    gpu 462 Spawning 1 GPU Threads
2011-05-17 12:39:11,938:INFO    gpu 655 Initialising CUDA device 0:(98.69% Free)
2011-05-17 12:39:11,939:INFO    bundle 95 Calculating the channel matrix for 224 channels
2011-05-17 12:39:12,076:INFO    bundle 166 Lines are different, xtalk should not be symmetric
2011-05-17 12:39:12,083:INFO    bundle 176 Total:672,%Yes:1.413690%
2011-05-17 12:39:12,166:INFO    algorithm 65 Starting Spectrum Balancing using ISB
2011-05-17 12:39:12,181:INFO    isb 70 Bisection
2011-05-17 12:39:12,181:INFO    isb 82 Beginning Bisection
2011-05-17 12:39:12,181:INFO    isb 97 Beginning l-range hunt;line:0
2011-05-17 12:39:12,193:INFO    isb 105 Overshot power budget:linepower:340.375,lastdrop:100%,budget:0.11
2011-05-17 12:39:12,199:INFO    isb 105 Overshot power budget:linepower:194.331,lastdrop:43%,budget:0.11
2011-05-17 12:39:12,205:INFO    isb 105 Overshot power budget:linepower:104.208,lastdrop:46%,budget:0.11
2011-05-17 12:39:12,210:INFO    isb 105 Overshot power budget:linepower:53.763,lastdrop:48%,budget:0.11
2011-05-17 12:39:12,216:INFO    isb 105 Overshot power budget:linepower:27.911,lastdrop:48%,budget:0.11
2011-05-17 12:39:12,222:INFO    isb 105 Overshot power budget:linepower:14.194,lastdrop:49%,budget:0.11
2011-05-17 12:39:12,227:INFO    isb 105 Overshot power budget:linepower:6.927,lastdrop:51%,budget:0.11
2011-05-17 12:39:12,233:INFO    isb 105 Overshot power budget:linepower:3.296,lastdrop:52%,budget:0.11
2011-05-17 12:39:12,239:INFO    isb 105 Overshot power budget:linepower:1.608,lastdrop:51%,budget:0.11
2011-05-17 12:39:12,245:INFO    isb 105 Overshot power budget:linepower:0.783,lastdrop:51%,budget:0.11
2011-05-17 12:39:12,251:INFO    isb 105 Overshot power budget:linepower:0.365,lastdrop:53%,budget:0.11
2011-05-17 12:39:12,257:INFO    isb 105 Overshot power budget:linepower:0.169,lastdrop:54%,budget:0.11
2011-05-17 12:39:12,263:INFO    isb 112 Satisfied power budget:linepower:0.07576,budget:0.11
2011-05-17 12:39:12,263:INFO    isb 133 Completed l-range hunt; max:4096.000000,min:2048.000000
2011-05-17 12:39:12,263:INFO    isb 137 Beginning optimisation run;line:0
2011-05-17 12:39:12,269:INFO    isb 148 Completed optimisation run;line:0, l:3072.000000
2011-05-17 12:39:12,269:INFO    isb 97 Beginning l-range hunt;line:1
2011-05-17 12:39:12,286:INFO    isb 124 Zeroed lambda on 1:linepower:0.00171,budget:0.11
2011-05-17 12:39:12,286:INFO    isb 133 Completed l-range hunt; max:1.000000,min:0.500000
2011-05-17 12:39:12,286:INFO    isb 137 Beginning optimisation run;line:1
2011-05-17 12:39:12,292:INFO    isb 148 Completed optimisation run;line:1, l:0.750000
2011-05-17 12:39:12,292:INFO    isb 97 Beginning l-range hunt;line:2
2011-05-17 12:39:12,303:INFO    isb 105 Overshot power budget:linepower:9.413,lastdrop:100%,budget:0.11
2011-05-17 12:39:12,309:INFO    isb 105 Overshot power budget:linepower:9.413,lastdrop:0%,budget:0.11
2011-05-17 12:39:12,315:INFO    isb 105 Overshot power budget:linepower:9.413,lastdrop:0%,budget:0.11
2011-05-17 12:39:12,320:INFO    isb 105 Overshot power budget:linepower:8.437,lastdrop:10%,budget:0.11
2011-05-17 12:39:12,326:INFO    isb 105 Overshot power budget:linepower:5.966,lastdrop:29%,budget:0.11
2011-05-17 12:39:12,332:INFO    isb 105 Overshot power budget:linepower:3.788,lastdrop:37%,budget:0.11
2011-05-17 12:39:12,338:INFO    isb 105 Overshot power budget:linepower:2.251,lastdrop:41%,budget:0.11
2011-05-17 12:39:12,344:INFO    isb 105 Overshot power budget:linepower:1.268,lastdrop:44%,budget:0.11
2011-05-17 12:39:12,350:INFO    isb 105 Overshot power budget:linepower:0.676,lastdrop:47%,budget:0.11
2011-05-17 12:39:12,355:INFO    isb 105 Overshot power budget:linepower:0.368,lastdrop:46%,budget:0.11
2011-05-17 12:39:12,361:INFO    isb 105 Overshot power budget:linepower:0.213,lastdrop:42%,budget:0.11
2011-05-17 12:39:12,367:INFO    isb 105 Overshot power budget:linepower:0.135,lastdrop:36%,budget:0.11
2011-05-17 12:39:12,373:INFO    isb 112 Satisfied power budget:linepower:0.06818,budget:0.11
2011-05-17 12:39:12,373:INFO    isb 133 Completed l-range hunt; max:4096.000000,min:2048.000000
2011-05-17 12:39:12,373:INFO    isb 137 Beginning optimisation run;line:2
2011-05-17 12:39:12,379:INFO    isb 148 Completed optimisation run;line:2, l:3072.000000
2011-05-17 12:39:12,646:INFO    bundle 302 Cache Hits:0
2011-05-17 12:39:12,646:INFO    bundle 303 Cache Mises:0
2011-05-17 12:39:12,662:INFO    bundle 321 Line:0,Power:966.095mW,Rate:748bpf
2011-05-17 12:39:12,678:INFO    bundle 321 Line:1,Power:966.004mW,Rate:734bpf
2011-05-17 12:39:12,695:INFO    bundle 321 Line:2,Power:966.106mW,Rate:1757bpf
2011-05-17 12:39:12,695:INFO    bundle 327 Bundle Rate:3239bpf
2011-05-17 12:39:12,708:INFO    algorithm 101 All Done Here, took 0.514211, hit ratio of 0.0000
2011-05-17 12:49:54,371:INFO    multiuserdsm 46 Starting Up... logging to ISB_3-3k_5k-near_far_GPU_1.log
2011-05-17 12:49:54,373:INFO    bundle 67 Reading fresh Network File networks/3-3k_5k-near_far.net
2011-05-17 12:49:54,373:INFO    bundle 89 Successfully read 3 lines from networks/3-3k_5k-near_far.net
2011-05-17 12:49:56,375:INFO    gpu 418 Asked:1,Have:4,Got:1
2011-05-17 12:49:56,511:INFO    gpu 462 Spawning 1 GPU Threads
2011-05-17 12:49:56,584:INFO    gpu 654 Initialising CUDA device 0:(98.69% Free)
2011-05-17 12:49:56,584:INFO    bundle 95 Calculating the channel matrix for 224 channels
2011-05-17 12:49:56,721:INFO    bundle 166 Lines are different, xtalk should not be symmetric
2011-05-17 12:49:56,729:INFO    bundle 176 Total:672,%Yes:1.413690%
2011-05-17 12:49:56,811:INFO    algorithm 65 Starting Spectrum Balancing using ISB
2011-05-17 12:49:56,811:INFO    isb 70 Bisection
2011-05-17 12:49:56,811:INFO    isb 82 Beginning Bisection
2011-05-17 12:49:56,811:INFO    isb 97 Beginning l-range hunt;line:0
2011-05-17 12:49:56,844:INFO    isb 105 Overshot power budget:linepower:340.375,lastdrop:100%,budget:0.11
2011-05-17 12:49:56,850:INFO    isb 105 Overshot power budget:linepower:194.331,lastdrop:43%,budget:0.11
2011-05-17 12:49:56,855:INFO    isb 105 Overshot power budget:linepower:104.208,lastdrop:46%,budget:0.11
2011-05-17 12:49:56,861:INFO    isb 105 Overshot power budget:linepower:53.763,lastdrop:48%,budget:0.11
2011-05-17 12:49:56,867:INFO    isb 105 Overshot power budget:linepower:27.911,lastdrop:48%,budget:0.11
2011-05-17 12:49:56,872:INFO    isb 105 Overshot power budget:linepower:14.194,lastdrop:49%,budget:0.11
2011-05-17 12:49:56,878:INFO    isb 105 Overshot power budget:linepower:6.927,lastdrop:51%,budget:0.11
2011-05-17 12:49:56,884:INFO    isb 105 Overshot power budget:linepower:3.296,lastdrop:52%,budget:0.11
2011-05-17 12:49:56,889:INFO    isb 105 Overshot power budget:linepower:1.608,lastdrop:51%,budget:0.11
2011-05-17 12:49:56,895:INFO    isb 105 Overshot power budget:linepower:0.783,lastdrop:51%,budget:0.11
2011-05-17 12:49:56,900:INFO    isb 105 Overshot power budget:linepower:0.365,lastdrop:53%,budget:0.11
2011-05-17 12:49:56,905:INFO    isb 105 Overshot power budget:linepower:0.169,lastdrop:54%,budget:0.11
2011-05-17 12:49:56,911:INFO    isb 112 Satisfied power budget:linepower:0.07576,budget:0.11
2011-05-17 12:49:56,911:INFO    isb 133 Completed l-range hunt; max:4096.000000,min:2048.000000
2011-05-17 12:49:56,911:INFO    isb 137 Beginning optimisation run;line:0
2011-05-17 12:49:56,917:INFO    isb 148 Completed optimisation run;line:0, l:3072.000000
2011-05-17 12:49:56,917:INFO    isb 97 Beginning l-range hunt;line:1
2011-05-17 12:49:56,933:INFO    isb 124 Zeroed lambda on 1:linepower:0.00171,budget:0.11
2011-05-17 12:49:56,933:INFO    isb 133 Completed l-range hunt; max:1.000000,min:0.500000
2011-05-17 12:49:56,933:INFO    isb 137 Beginning optimisation run;line:1
2011-05-17 12:49:56,939:INFO    isb 148 Completed optimisation run;line:1, l:0.750000
2011-05-17 12:49:56,939:INFO    isb 97 Beginning l-range hunt;line:2
2011-05-17 12:49:56,949:INFO    isb 105 Overshot power budget:linepower:9.413,lastdrop:100%,budget:0.11
2011-05-17 12:49:56,955:INFO    isb 105 Overshot power budget:linepower:9.413,lastdrop:0%,budget:0.11
2011-05-17 12:49:56,960:INFO    isb 105 Overshot power budget:linepower:9.413,lastdrop:0%,budget:0.11
2011-05-17 12:49:56,966:INFO    isb 105 Overshot power budget:linepower:8.437,lastdrop:10%,budget:0.11
2011-05-17 12:49:56,971:INFO    isb 105 Overshot power budget:linepower:5.966,lastdrop:29%,budget:0.11
2011-05-17 12:49:56,977:INFO    isb 105 Overshot power budget:linepower:3.788,lastdrop:37%,budget:0.11
2011-05-17 12:49:56,982:INFO    isb 105 Overshot power budget:linepower:2.251,lastdrop:41%,budget:0.11
2011-05-17 12:49:56,987:INFO    isb 105 Overshot power budget:linepower:1.268,lastdrop:44%,budget:0.11
2011-05-17 12:49:56,993:INFO    isb 105 Overshot power budget:linepower:0.676,lastdrop:47%,budget:0.11
2011-05-17 12:49:56,998:INFO    isb 105 Overshot power budget:linepower:0.368,lastdrop:46%,budget:0.11
2011-05-17 12:49:57,004:INFO    isb 105 Overshot power budget:linepower:0.213,lastdrop:42%,budget:0.11
2011-05-17 12:49:57,009:INFO    isb 105 Overshot power budget:linepower:0.135,lastdrop:36%,budget:0.11
2011-05-17 12:49:57,015:INFO    isb 112 Satisfied power budget:linepower:0.06818,budget:0.11
2011-05-17 12:49:57,015:INFO    isb 133 Completed l-range hunt; max:4096.000000,min:2048.000000
2011-05-17 12:49:57,015:INFO    isb 137 Beginning optimisation run;line:2
2011-05-17 12:49:57,020:INFO    isb 148 Completed optimisation run;line:2, l:3072.000000
2011-05-17 12:49:57,281:INFO    bundle 302 Cache Hits:0
2011-05-17 12:49:57,281:INFO    bundle 303 Cache Mises:0
2011-05-17 12:49:57,300:INFO    bundle 321 Line:0,Power:966.095mW,Rate:748bpf
2011-05-17 12:49:57,319:INFO    bundle 321 Line:1,Power:966.004mW,Rate:734bpf
2011-05-17 12:49:57,338:INFO    bundle 321 Line:2,Power:966.106mW,Rate:1757bpf
2011-05-17 12:49:57,338:INFO    bundle 327 Bundle Rate:3239bpf
2011-05-17 12:49:57,364:INFO    algorithm 101 All Done Here, took 0.527902, hit ratio of 0.0000
