2011-05-17 13:03:02,572:INFO    multiuserdsm 46 Starting Up... logging to ISB_4-3k_5k-near_far_GPU_3.log
2011-05-17 13:03:02,574:INFO    bundle 67 Reading fresh Network File networks/4-3k_5k-near_far.net
2011-05-17 13:03:02,574:INFO    bundle 89 Successfully read 4 lines from networks/4-3k_5k-near_far.net
2011-05-17 13:03:04,678:INFO    gpu 418 Asked:3,Have:4,Got:3
2011-05-17 13:03:04,815:INFO    gpu 462 Spawning 3 GPU Threads
2011-05-17 13:03:04,887:INFO    gpu 654 Initialising CUDA device 0:(98.69% Free)
2011-05-17 13:03:04,962:INFO    gpu 654 Initialising CUDA device 1:(98.69% Free)
2011-05-17 13:03:04,963:INFO    bundle 95 Calculating the channel matrix for 224 channels
2011-05-17 13:03:05,047:INFO    gpu 654 Initialising CUDA device 2:(98.69% Free)
2011-05-17 13:03:05,309:INFO    bundle 166 Lines are different, xtalk should not be symmetric
2011-05-17 13:03:05,313:INFO    bundle 176 Total:896,%Yes:1.610491%
2011-05-17 13:03:05,357:INFO    algorithm 65 Starting Spectrum Balancing using ISB
2011-05-17 13:03:05,357:INFO    isb 70 Bisection
2011-05-17 13:03:05,358:INFO    isb 82 Beginning Bisection
2011-05-17 13:03:05,358:INFO    isb 97 Beginning l-range hunt;line:0
2011-05-17 13:03:05,378:INFO    isb 105 Overshot power budget:linepower:660.611,lastdrop:100%,budget:0.11
2011-05-17 13:03:05,387:INFO    isb 105 Overshot power budget:linepower:178.908,lastdrop:73%,budget:0.11
2011-05-17 13:03:05,396:INFO    isb 105 Overshot power budget:linepower:50.175,lastdrop:72%,budget:0.11
2011-05-17 13:03:05,405:INFO    isb 105 Overshot power budget:linepower:16.377,lastdrop:67%,budget:0.11
2011-05-17 13:03:05,414:INFO    isb 105 Overshot power budget:linepower:6.051,lastdrop:63%,budget:0.11
2011-05-17 13:03:05,424:INFO    isb 105 Overshot power budget:linepower:2.364,lastdrop:61%,budget:0.11
2011-05-17 13:03:05,433:INFO    isb 105 Overshot power budget:linepower:1.021,lastdrop:57%,budget:0.11
2011-05-17 13:03:05,442:INFO    isb 105 Overshot power budget:linepower:0.370,lastdrop:64%,budget:0.11
2011-05-17 13:03:05,451:INFO    isb 105 Overshot power budget:linepower:0.152,lastdrop:59%,budget:0.11
2011-05-17 13:03:05,460:INFO    isb 105 Overshot power budget:linepower:0.139,lastdrop:9%,budget:0.11
2011-05-17 13:03:05,468:INFO    isb 112 Satisfied power budget:linepower:0.03352,budget:0.11
2011-05-17 13:03:05,468:INFO    isb 133 Completed l-range hunt; max:1024.000000,min:512.000000
2011-05-17 13:03:05,468:INFO    isb 137 Beginning optimisation run;line:0
2011-05-17 13:03:05,486:INFO    isb 148 Completed optimisation run;line:0, l:640.000000
2011-05-17 13:03:05,486:INFO    isb 97 Beginning l-range hunt;line:1
2011-05-17 13:03:05,504:INFO    isb 105 Overshot power budget:linepower:270.236,lastdrop:100%,budget:0.11
2011-05-17 13:03:05,525:INFO    isb 105 Overshot power budget:linepower:157.837,lastdrop:42%,budget:0.11
2011-05-17 13:03:05,534:INFO    isb 105 Overshot power budget:linepower:81.731,lastdrop:48%,budget:0.11
2011-05-17 13:03:05,543:INFO    isb 105 Overshot power budget:linepower:50.982,lastdrop:38%,budget:0.11
2011-05-17 13:03:05,552:INFO    isb 105 Overshot power budget:linepower:28.757,lastdrop:44%,budget:0.11
2011-05-17 13:03:05,561:INFO    isb 105 Overshot power budget:linepower:14.761,lastdrop:49%,budget:0.11
2011-05-17 13:03:05,581:INFO    isb 105 Overshot power budget:linepower:7.893,lastdrop:47%,budget:0.11
2011-05-17 13:03:05,590:INFO    isb 105 Overshot power budget:linepower:4.145,lastdrop:47%,budget:0.11
2011-05-17 13:03:05,599:INFO    isb 105 Overshot power budget:linepower:1.981,lastdrop:52%,budget:0.11
2011-05-17 13:03:05,609:INFO    isb 105 Overshot power budget:linepower:0.826,lastdrop:58%,budget:0.11
2011-05-17 13:03:05,618:INFO    isb 105 Overshot power budget:linepower:0.190,lastdrop:77%,budget:0.11
2011-05-17 13:03:05,627:INFO    isb 112 Satisfied power budget:linepower:0.08498,budget:0.11
2011-05-17 13:03:05,627:INFO    isb 133 Completed l-range hunt; max:2048.000000,min:1024.000000
2011-05-17 13:03:05,627:INFO    isb 137 Beginning optimisation run;line:1
2011-05-17 13:03:05,636:INFO    isb 148 Completed optimisation run;line:1, l:1536.000000
2011-05-17 13:03:05,636:INFO    isb 97 Beginning l-range hunt;line:2
2011-05-17 13:03:05,677:INFO    isb 105 Overshot power budget:linepower:1.159,lastdrop:100%,budget:0.11
2011-05-17 13:03:05,686:INFO    isb 105 Overshot power budget:linepower:0.315,lastdrop:73%,budget:0.11
2011-05-17 13:03:05,695:INFO    isb 105 Overshot power budget:linepower:0.315,lastdrop:0%,budget:0.11
2011-05-17 13:03:05,704:INFO    isb 105 Overshot power budget:linepower:0.315,lastdrop:0%,budget:0.11
2011-05-17 13:03:05,713:INFO    isb 105 Overshot power budget:linepower:0.315,lastdrop:0%,budget:0.11
2011-05-17 13:03:05,723:INFO    isb 105 Overshot power budget:linepower:0.315,lastdrop:0%,budget:0.11
2011-05-17 13:03:05,732:INFO    isb 105 Overshot power budget:linepower:0.314,lastdrop:0%,budget:0.11
2011-05-17 13:03:05,741:INFO    isb 105 Overshot power budget:linepower:0.313,lastdrop:0%,budget:0.11
2011-05-17 13:03:05,751:INFO    isb 105 Overshot power budget:linepower:0.298,lastdrop:5%,budget:0.11
2011-05-17 13:03:05,760:INFO    isb 105 Overshot power budget:linepower:0.247,lastdrop:17%,budget:0.11
2011-05-17 13:03:05,769:INFO    isb 105 Overshot power budget:linepower:0.122,lastdrop:51%,budget:0.11
2011-05-17 13:03:05,778:INFO    isb 112 Satisfied power budget:linepower:0.04804,budget:0.11
2011-05-17 13:03:05,778:INFO    isb 133 Completed l-range hunt; max:2048.000000,min:1024.000000
2011-05-17 13:03:05,778:INFO    isb 137 Beginning optimisation run;line:2
2011-05-17 13:03:05,797:INFO    isb 148 Completed optimisation run;line:2, l:1280.000000
2011-05-17 13:03:05,797:INFO    isb 97 Beginning l-range hunt;line:3
2011-05-17 13:03:05,813:INFO    isb 105 Overshot power budget:linepower:9.172,lastdrop:100%,budget:0.11
2011-05-17 13:03:05,822:INFO    isb 105 Overshot power budget:linepower:9.172,lastdrop:0%,budget:0.11
2011-05-17 13:03:05,831:INFO    isb 105 Overshot power budget:linepower:8.725,lastdrop:5%,budget:0.11
2011-05-17 13:03:05,840:INFO    isb 105 Overshot power budget:linepower:6.875,lastdrop:21%,budget:0.11
2011-05-17 13:03:05,849:INFO    isb 105 Overshot power budget:linepower:4.897,lastdrop:29%,budget:0.11
2011-05-17 13:03:05,859:INFO    isb 105 Overshot power budget:linepower:3.143,lastdrop:36%,budget:0.11
2011-05-17 13:03:05,869:INFO    isb 105 Overshot power budget:linepower:1.793,lastdrop:43%,budget:0.11
2011-05-17 13:03:05,878:INFO    isb 105 Overshot power budget:linepower:0.925,lastdrop:48%,budget:0.11
2011-05-17 13:03:05,888:INFO    isb 105 Overshot power budget:linepower:0.472,lastdrop:49%,budget:0.11
2011-05-17 13:03:05,897:INFO    isb 105 Overshot power budget:linepower:0.244,lastdrop:48%,budget:0.11
2011-05-17 13:03:05,906:INFO    isb 105 Overshot power budget:linepower:0.124,lastdrop:49%,budget:0.11
2011-05-17 13:03:05,915:INFO    isb 112 Satisfied power budget:linepower:0.06239,budget:0.11
2011-05-17 13:03:05,916:INFO    isb 133 Completed l-range hunt; max:2048.000000,min:1024.000000
2011-05-17 13:03:05,916:INFO    isb 137 Beginning optimisation run;line:3
2011-05-17 13:03:05,934:INFO    isb 148 Completed optimisation run;line:3, l:1280.000000
2011-05-17 13:03:06,230:INFO    bundle 302 Cache Hits:0
2011-05-17 13:03:06,230:INFO    bundle 303 Cache Mises:0
2011-05-17 13:03:06,247:INFO    bundle 321 Line:0,Power:966.876mW,Rate:1048bpf
2011-05-17 13:03:06,265:INFO    bundle 321 Line:1,Power:966.084mW,Rate:2010bpf
2011-05-17 13:03:06,283:INFO    bundle 321 Line:2,Power:966.099mW,Rate:504bpf
2011-05-17 13:03:06,300:INFO    bundle 321 Line:3,Power:966.098mW,Rate:1938bpf
2011-05-17 13:03:06,301:INFO    bundle 327 Bundle Rate:5500bpf
2011-05-17 13:03:06,318:INFO    algorithm 101 All Done Here, took 0.943568, hit ratio of 0.0000
