2011-05-17 13:03:08,928:INFO    multiuserdsm 46 Starting Up... logging to ISB_4-3k_5k-near_far_GPU_4.log
2011-05-17 13:03:08,930:INFO    bundle 67 Reading fresh Network File networks/4-3k_5k-near_far.net
2011-05-17 13:03:08,931:INFO    bundle 89 Successfully read 4 lines from networks/4-3k_5k-near_far.net
2011-05-17 13:03:11,068:INFO    gpu 418 Asked:4,Have:4,Got:4
2011-05-17 13:03:11,200:INFO    gpu 462 Spawning 4 GPU Threads
2011-05-17 13:03:11,268:INFO    gpu 654 Initialising CUDA device 0:(98.69% Free)
2011-05-17 13:03:11,345:INFO    gpu 654 Initialising CUDA device 1:(98.69% Free)
2011-05-17 13:03:11,425:INFO    gpu 654 Initialising CUDA device 2:(98.69% Free)
2011-05-17 13:03:11,427:INFO    bundle 95 Calculating the channel matrix for 224 channels
2011-05-17 13:03:11,510:INFO    gpu 654 Initialising CUDA device 3:(98.69% Free)
2011-05-17 13:03:11,731:INFO    bundle 166 Lines are different, xtalk should not be symmetric
2011-05-17 13:03:11,735:INFO    bundle 176 Total:896,%Yes:1.610491%
2011-05-17 13:03:11,778:INFO    algorithm 65 Starting Spectrum Balancing using ISB
2011-05-17 13:03:11,778:INFO    isb 70 Bisection
2011-05-17 13:03:11,778:INFO    isb 82 Beginning Bisection
2011-05-17 13:03:11,779:INFO    isb 97 Beginning l-range hunt;line:0
2011-05-17 13:03:11,801:INFO    isb 105 Overshot power budget:linepower:660.611,lastdrop:100%,budget:0.11
2011-05-17 13:03:11,812:INFO    isb 105 Overshot power budget:linepower:178.908,lastdrop:73%,budget:0.11
2011-05-17 13:03:11,822:INFO    isb 105 Overshot power budget:linepower:50.175,lastdrop:72%,budget:0.11
2011-05-17 13:03:11,834:INFO    isb 105 Overshot power budget:linepower:16.377,lastdrop:67%,budget:0.11
2011-05-17 13:03:11,844:INFO    isb 105 Overshot power budget:linepower:6.051,lastdrop:63%,budget:0.11
2011-05-17 13:03:11,857:INFO    isb 105 Overshot power budget:linepower:2.364,lastdrop:61%,budget:0.11
2011-05-17 13:03:11,868:INFO    isb 105 Overshot power budget:linepower:1.021,lastdrop:57%,budget:0.11
2011-05-17 13:03:11,878:INFO    isb 105 Overshot power budget:linepower:0.370,lastdrop:64%,budget:0.11
2011-05-17 13:03:11,902:INFO    isb 105 Overshot power budget:linepower:0.152,lastdrop:59%,budget:0.11
2011-05-17 13:03:11,913:INFO    isb 105 Overshot power budget:linepower:0.139,lastdrop:9%,budget:0.11
2011-05-17 13:03:11,923:INFO    isb 112 Satisfied power budget:linepower:0.03352,budget:0.11
2011-05-17 13:03:11,923:INFO    isb 133 Completed l-range hunt; max:1024.000000,min:512.000000
2011-05-17 13:03:11,923:INFO    isb 137 Beginning optimisation run;line:0
2011-05-17 13:03:11,945:INFO    isb 148 Completed optimisation run;line:0, l:640.000000
2011-05-17 13:03:11,945:INFO    isb 97 Beginning l-range hunt;line:1
2011-05-17 13:03:11,981:INFO    isb 105 Overshot power budget:linepower:270.236,lastdrop:100%,budget:0.11
2011-05-17 13:03:11,992:INFO    isb 105 Overshot power budget:linepower:157.837,lastdrop:42%,budget:0.11
2011-05-17 13:03:12,003:INFO    isb 105 Overshot power budget:linepower:81.731,lastdrop:48%,budget:0.11
2011-05-17 13:03:12,013:INFO    isb 105 Overshot power budget:linepower:50.982,lastdrop:38%,budget:0.11
2011-05-17 13:03:12,023:INFO    isb 105 Overshot power budget:linepower:28.757,lastdrop:44%,budget:0.11
2011-05-17 13:03:12,034:INFO    isb 105 Overshot power budget:linepower:14.761,lastdrop:49%,budget:0.11
2011-05-17 13:03:12,068:INFO    isb 105 Overshot power budget:linepower:7.893,lastdrop:47%,budget:0.11
2011-05-17 13:03:12,079:INFO    isb 105 Overshot power budget:linepower:4.145,lastdrop:47%,budget:0.11
2011-05-17 13:03:12,089:INFO    isb 105 Overshot power budget:linepower:1.981,lastdrop:52%,budget:0.11
2011-05-17 13:03:12,099:INFO    isb 105 Overshot power budget:linepower:0.826,lastdrop:58%,budget:0.11
2011-05-17 13:03:12,110:INFO    isb 105 Overshot power budget:linepower:0.190,lastdrop:77%,budget:0.11
2011-05-17 13:03:12,120:INFO    isb 112 Satisfied power budget:linepower:0.08498,budget:0.11
2011-05-17 13:03:12,120:INFO    isb 133 Completed l-range hunt; max:2048.000000,min:1024.000000
2011-05-17 13:03:12,120:INFO    isb 137 Beginning optimisation run;line:1
2011-05-17 13:03:12,131:INFO    isb 148 Completed optimisation run;line:1, l:1536.000000
2011-05-17 13:03:12,131:INFO    isb 97 Beginning l-range hunt;line:2
2011-05-17 13:03:12,151:INFO    isb 105 Overshot power budget:linepower:1.159,lastdrop:100%,budget:0.11
2011-05-17 13:03:12,161:INFO    isb 105 Overshot power budget:linepower:0.315,lastdrop:73%,budget:0.11
2011-05-17 13:03:12,174:INFO    isb 105 Overshot power budget:linepower:0.315,lastdrop:0%,budget:0.11
2011-05-17 13:03:12,185:INFO    isb 105 Overshot power budget:linepower:0.315,lastdrop:0%,budget:0.11
2011-05-17 13:03:12,195:INFO    isb 105 Overshot power budget:linepower:0.315,lastdrop:0%,budget:0.11
2011-05-17 13:03:12,206:INFO    isb 105 Overshot power budget:linepower:0.315,lastdrop:0%,budget:0.11
2011-05-17 13:03:12,216:INFO    isb 105 Overshot power budget:linepower:0.314,lastdrop:0%,budget:0.11
2011-05-17 13:03:12,226:INFO    isb 105 Overshot power budget:linepower:0.313,lastdrop:0%,budget:0.11
2011-05-17 13:03:12,237:INFO    isb 105 Overshot power budget:linepower:0.298,lastdrop:5%,budget:0.11
2011-05-17 13:03:12,247:INFO    isb 105 Overshot power budget:linepower:0.247,lastdrop:17%,budget:0.11
2011-05-17 13:03:12,258:INFO    isb 105 Overshot power budget:linepower:0.122,lastdrop:51%,budget:0.11
2011-05-17 13:03:12,268:INFO    isb 112 Satisfied power budget:linepower:0.04804,budget:0.11
2011-05-17 13:03:12,268:INFO    isb 133 Completed l-range hunt; max:2048.000000,min:1024.000000
2011-05-17 13:03:12,268:INFO    isb 137 Beginning optimisation run;line:2
2011-05-17 13:03:12,290:INFO    isb 148 Completed optimisation run;line:2, l:1280.000000
2011-05-17 13:03:12,290:INFO    isb 97 Beginning l-range hunt;line:3
2011-05-17 13:03:12,311:INFO    isb 105 Overshot power budget:linepower:9.172,lastdrop:100%,budget:0.11
2011-05-17 13:03:12,321:INFO    isb 105 Overshot power budget:linepower:9.172,lastdrop:0%,budget:0.11
2011-05-17 13:03:12,331:INFO    isb 105 Overshot power budget:linepower:8.725,lastdrop:5%,budget:0.11
2011-05-17 13:03:12,341:INFO    isb 105 Overshot power budget:linepower:6.875,lastdrop:21%,budget:0.11
2011-05-17 13:03:12,352:INFO    isb 105 Overshot power budget:linepower:4.897,lastdrop:29%,budget:0.11
2011-05-17 13:03:12,362:INFO    isb 105 Overshot power budget:linepower:3.143,lastdrop:36%,budget:0.11
2011-05-17 13:03:12,373:INFO    isb 105 Overshot power budget:linepower:1.793,lastdrop:43%,budget:0.11
2011-05-17 13:03:12,383:INFO    isb 105 Overshot power budget:linepower:0.925,lastdrop:48%,budget:0.11
2011-05-17 13:03:12,394:INFO    isb 105 Overshot power budget:linepower:0.472,lastdrop:49%,budget:0.11
2011-05-17 13:03:12,404:INFO    isb 105 Overshot power budget:linepower:0.244,lastdrop:48%,budget:0.11
2011-05-17 13:03:12,415:INFO    isb 105 Overshot power budget:linepower:0.124,lastdrop:49%,budget:0.11
2011-05-17 13:03:12,426:INFO    isb 112 Satisfied power budget:linepower:0.06239,budget:0.11
2011-05-17 13:03:12,426:INFO    isb 133 Completed l-range hunt; max:2048.000000,min:1024.000000
2011-05-17 13:03:12,426:INFO    isb 137 Beginning optimisation run;line:3
2011-05-17 13:03:12,447:INFO    isb 148 Completed optimisation run;line:3, l:1280.000000
2011-05-17 13:03:12,727:INFO    bundle 302 Cache Hits:0
2011-05-17 13:03:12,728:INFO    bundle 303 Cache Mises:0
2011-05-17 13:03:12,745:INFO    bundle 321 Line:0,Power:966.876mW,Rate:1048bpf
2011-05-17 13:03:12,763:INFO    bundle 321 Line:1,Power:966.084mW,Rate:2010bpf
2011-05-17 13:03:12,781:INFO    bundle 321 Line:2,Power:966.099mW,Rate:504bpf
2011-05-17 13:03:12,798:INFO    bundle 321 Line:3,Power:966.098mW,Rate:1938bpf
2011-05-17 13:03:12,799:INFO    bundle 327 Bundle Rate:5500bpf
2011-05-17 13:03:12,816:INFO    algorithm 101 All Done Here, took 1.020443, hit ratio of 0.0000
