2011-05-17 12:23:30,935:INFO    multiuserdsm 46 Starting Up... logging to OSB_4-3k_5k-near_far_GPU_1.log
2011-05-17 12:23:30,937:INFO    bundle 67 Reading fresh Network File networks/4-3k_5k-near_far.net
2011-05-17 12:23:30,938:INFO    bundle 89 Successfully read 4 lines from networks/4-3k_5k-near_far.net
2011-05-17 12:39:29,883:INFO    multiuserdsm 46 Starting Up... logging to OSB_4-3k_5k-near_far_GPU_1.log
2011-05-17 12:39:29,884:INFO    bundle 67 Reading fresh Network File networks/4-3k_5k-near_far.net
2011-05-17 12:39:29,885:INFO    bundle 89 Successfully read 4 lines from networks/4-3k_5k-near_far.net
2011-05-17 12:39:31,908:INFO    gpu 418 Asked:1,Have:4,Got:1
2011-05-17 12:39:32,039:INFO    gpu 462 Spawning 1 GPU Threads
2011-05-17 12:39:32,111:INFO    gpu 655 Initialising CUDA device 0:(98.69% Free)
2011-05-17 12:39:32,112:INFO    bundle 95 Calculating the channel matrix for 224 channels
2011-05-17 12:39:32,361:INFO    bundle 166 Lines are different, xtalk should not be symmetric
2011-05-17 12:39:32,368:INFO    bundle 176 Total:896,%Yes:1.610491%
2011-05-17 12:39:32,551:INFO    algorithm 65 Starting Spectrum Balancing using OSB
2011-05-17 12:39:32,551:INFO    osb 69 Bisection
2011-05-17 12:39:32,551:INFO    osb 82 Beginning Bisection
2011-05-17 12:39:32,552:INFO    osb 98 Beginning l-range hunt;line:0
2011-05-17 12:39:40,204:INFO    osb 104 Missed power budget:linepower:24.968,lastdrop:100%,budget:0.11
2011-05-17 12:39:47,829:INFO    osb 104 Missed power budget:linepower:1.804,lastdrop:93%,budget:0.11
2011-05-17 12:39:55,506:INFO    osb 104 Missed power budget:linepower:0.117,lastdrop:93%,budget:0.11
2011-05-17 12:40:03,043:INFO    osb 111 Satisfied power budget:linepower:0.10149,budget:0.11
2011-05-17 12:40:03,044:INFO    osb 117 Completed l-range hunt; max:8.000000,min:4.000000
2011-05-17 12:40:03,044:INFO    osb 122 Beginning optimisation run;line:0
2011-05-17 12:40:10,486:INFO    osb 134 Completed optimisation run;line:0, l:6.000000
2011-05-17 12:40:10,487:INFO    osb 98 Beginning l-range hunt;line:1
2011-05-17 12:40:18,105:INFO    osb 104 Missed power budget:linepower:124.366,lastdrop:100%,budget:0.11
2011-05-17 12:40:25,634:INFO    osb 104 Missed power budget:linepower:84.966,lastdrop:32%,budget:0.11
2011-05-17 12:40:33,045:INFO    osb 104 Missed power budget:linepower:52.686,lastdrop:38%,budget:0.11
2011-05-17 12:40:40,546:INFO    osb 104 Missed power budget:linepower:30.000,lastdrop:43%,budget:0.11
2011-05-17 12:40:48,013:INFO    osb 104 Missed power budget:linepower:7.259,lastdrop:76%,budget:0.11
2011-05-17 12:40:55,610:INFO    osb 104 Missed power budget:linepower:4.375,lastdrop:40%,budget:0.11
2011-05-17 12:41:03,013:INFO    osb 104 Missed power budget:linepower:2.531,lastdrop:42%,budget:0.11
2011-05-17 12:41:10,372:INFO    osb 104 Missed power budget:linepower:1.421,lastdrop:44%,budget:0.11
2011-05-17 12:41:18,035:INFO    osb 104 Missed power budget:linepower:0.750,lastdrop:47%,budget:0.11
2011-05-17 12:41:25,546:INFO    osb 104 Missed power budget:linepower:0.369,lastdrop:51%,budget:0.11
2011-05-17 12:41:33,147:INFO    osb 104 Missed power budget:linepower:0.185,lastdrop:50%,budget:0.11
2011-05-17 12:41:40,834:INFO    osb 111 Satisfied power budget:linepower:0.09372,budget:0.11
2011-05-17 12:41:40,834:INFO    osb 117 Completed l-range hunt; max:2048.000000,min:1024.000000
2011-05-17 12:41:40,834:INFO    osb 122 Beginning optimisation run;line:1
2011-05-17 12:41:48,506:INFO    osb 134 Completed optimisation run;line:1, l:1536.000000
2011-05-17 12:41:48,506:INFO    osb 98 Beginning l-range hunt;line:2
2011-05-17 12:41:56,139:INFO    osb 104 Missed power budget:linepower:19.443,lastdrop:100%,budget:0.11
2011-05-17 12:42:03,764:INFO    osb 104 Missed power budget:linepower:17.314,lastdrop:11%,budget:0.11
2011-05-17 12:42:11,349:INFO    osb 104 Missed power budget:linepower:14.190,lastdrop:18%,budget:0.11
2011-05-17 12:42:19,015:INFO    osb 104 Missed power budget:linepower:10.550,lastdrop:26%,budget:0.11
2011-05-17 12:42:26,640:INFO    osb 104 Missed power budget:linepower:6.299,lastdrop:40%,budget:0.11
2011-05-17 12:42:34,250:INFO    osb 104 Missed power budget:linepower:3.022,lastdrop:52%,budget:0.11
2011-05-17 12:42:41,914:INFO    osb 104 Missed power budget:linepower:1.447,lastdrop:52%,budget:0.11
2011-05-17 12:42:49,484:INFO    osb 104 Missed power budget:linepower:0.697,lastdrop:52%,budget:0.11
2011-05-17 12:42:57,105:INFO    osb 104 Missed power budget:linepower:0.322,lastdrop:54%,budget:0.11
2011-05-17 12:43:04,711:INFO    osb 104 Missed power budget:linepower:0.148,lastdrop:54%,budget:0.11
2011-05-17 12:43:12,384:INFO    osb 111 Satisfied power budget:linepower:0.06387,budget:0.11
2011-05-17 12:43:12,384:INFO    osb 117 Completed l-range hunt; max:1024.000000,min:512.000000
2011-05-17 12:43:12,384:INFO    osb 122 Beginning optimisation run;line:2
2011-05-17 12:43:27,687:INFO    osb 134 Completed optimisation run;line:2, l:640.000000
2011-05-17 12:43:27,687:INFO    osb 98 Beginning l-range hunt;line:3
2011-05-17 12:43:35,420:INFO    osb 104 Missed power budget:linepower:9.563,lastdrop:100%,budget:0.11
2011-05-17 12:43:42,983:INFO    osb 104 Missed power budget:linepower:9.563,lastdrop:0%,budget:0.11
2011-05-17 12:43:50,809:ERROR   gpu 576 Suicide Error: Results tainted, quitting incase
2011-05-17 12:50:16,879:INFO    multiuserdsm 46 Starting Up... logging to OSB_4-3k_5k-near_far_GPU_1.log
2011-05-17 12:50:16,880:INFO    bundle 67 Reading fresh Network File networks/4-3k_5k-near_far.net
2011-05-17 12:50:16,881:INFO    bundle 89 Successfully read 4 lines from networks/4-3k_5k-near_far.net
2011-05-17 12:50:18,964:INFO    gpu 418 Asked:1,Have:4,Got:1
2011-05-17 12:50:19,095:INFO    gpu 462 Spawning 1 GPU Threads
2011-05-17 12:50:19,166:INFO    gpu 654 Initialising CUDA device 0:(98.69% Free)
2011-05-17 12:50:19,167:INFO    bundle 95 Calculating the channel matrix for 224 channels
2011-05-17 12:50:19,411:INFO    bundle 166 Lines are different, xtalk should not be symmetric
2011-05-17 12:50:19,419:INFO    bundle 176 Total:896,%Yes:1.610491%
2011-05-17 12:50:19,461:INFO    algorithm 65 Starting Spectrum Balancing using OSB
2011-05-17 12:50:19,462:INFO    osb 69 Bisection
2011-05-17 12:50:19,462:INFO    osb 82 Beginning Bisection
2011-05-17 12:50:19,462:INFO    osb 98 Beginning l-range hunt;line:0
2011-05-17 12:50:26,893:INFO    osb 104 Missed power budget:linepower:24.968,lastdrop:100%,budget:0.11
2011-05-17 12:50:34,380:INFO    osb 104 Missed power budget:linepower:1.804,lastdrop:93%,budget:0.11
2011-05-17 12:50:41,759:INFO    osb 104 Missed power budget:linepower:0.117,lastdrop:93%,budget:0.11
2011-05-17 12:50:49,127:INFO    osb 111 Satisfied power budget:linepower:0.10149,budget:0.11
2011-05-17 12:50:49,127:INFO    osb 117 Completed l-range hunt; max:8.000000,min:4.000000
2011-05-17 12:50:49,127:INFO    osb 122 Beginning optimisation run;line:0
2011-05-17 12:50:56,444:INFO    osb 134 Completed optimisation run;line:0, l:6.000000
2011-05-17 12:50:56,444:INFO    osb 98 Beginning l-range hunt;line:1
2011-05-17 12:51:03,758:INFO    osb 104 Missed power budget:linepower:124.366,lastdrop:100%,budget:0.11
2011-05-17 12:51:11,064:INFO    osb 104 Missed power budget:linepower:84.966,lastdrop:32%,budget:0.11
2011-05-17 12:51:18,380:INFO    osb 104 Missed power budget:linepower:52.686,lastdrop:38%,budget:0.11
2011-05-17 12:51:25,696:INFO    osb 104 Missed power budget:linepower:30.000,lastdrop:43%,budget:0.11
2011-05-17 12:51:33,032:INFO    osb 104 Missed power budget:linepower:7.259,lastdrop:76%,budget:0.11
2011-05-17 12:51:40,347:INFO    osb 104 Missed power budget:linepower:4.375,lastdrop:40%,budget:0.11
2011-05-17 12:51:47,664:INFO    osb 104 Missed power budget:linepower:2.531,lastdrop:42%,budget:0.11
2011-05-17 12:51:55,095:INFO    osb 104 Missed power budget:linepower:1.421,lastdrop:44%,budget:0.11
2011-05-17 12:52:02,411:INFO    osb 104 Missed power budget:linepower:0.750,lastdrop:47%,budget:0.11
2011-05-17 12:52:09,898:INFO    osb 104 Missed power budget:linepower:0.369,lastdrop:51%,budget:0.11
2011-05-17 12:52:17,263:INFO    osb 104 Missed power budget:linepower:0.185,lastdrop:50%,budget:0.11
2011-05-17 12:52:24,716:INFO    osb 111 Satisfied power budget:linepower:0.09372,budget:0.11
2011-05-17 12:52:24,716:INFO    osb 117 Completed l-range hunt; max:2048.000000,min:1024.000000
2011-05-17 12:52:24,717:INFO    osb 122 Beginning optimisation run;line:1
2011-05-17 12:52:32,105:INFO    osb 134 Completed optimisation run;line:1, l:1536.000000
2011-05-17 12:52:32,106:INFO    osb 98 Beginning l-range hunt;line:2
2011-05-17 12:52:39,559:INFO    osb 104 Missed power budget:linepower:19.443,lastdrop:100%,budget:0.11
2011-05-17 12:52:46,931:INFO    osb 104 Missed power budget:linepower:17.314,lastdrop:11%,budget:0.11
2011-05-17 12:52:54,402:INFO    osb 104 Missed power budget:linepower:14.190,lastdrop:18%,budget:0.11
2011-05-17 12:53:01,781:INFO    osb 104 Missed power budget:linepower:10.550,lastdrop:26%,budget:0.11
2011-05-17 12:53:09,245:INFO    osb 104 Missed power budget:linepower:6.299,lastdrop:40%,budget:0.11
2011-05-17 12:53:16,656:INFO    osb 104 Missed power budget:linepower:3.022,lastdrop:52%,budget:0.11
2011-05-17 12:53:24,151:INFO    osb 104 Missed power budget:linepower:1.447,lastdrop:52%,budget:0.11
2011-05-17 12:53:31,656:INFO    osb 104 Missed power budget:linepower:0.697,lastdrop:52%,budget:0.11
2011-05-17 12:53:39,182:INFO    osb 104 Missed power budget:linepower:0.322,lastdrop:54%,budget:0.11
2011-05-17 12:53:46,625:INFO    osb 104 Missed power budget:linepower:0.148,lastdrop:54%,budget:0.11
2011-05-17 12:53:54,183:INFO    osb 111 Satisfied power budget:linepower:0.06387,budget:0.11
2011-05-17 12:53:54,183:INFO    osb 117 Completed l-range hunt; max:1024.000000,min:512.000000
2011-05-17 12:53:54,183:INFO    osb 122 Beginning optimisation run;line:2
2011-05-17 12:54:09,120:INFO    osb 134 Completed optimisation run;line:2, l:640.000000
2011-05-17 12:54:09,120:INFO    osb 98 Beginning l-range hunt;line:3
2011-05-17 12:54:16,557:INFO    osb 104 Missed power budget:linepower:9.563,lastdrop:100%,budget:0.11
2011-05-17 12:54:24,059:INFO    osb 104 Missed power budget:linepower:9.563,lastdrop:0%,budget:0.11
2011-05-17 12:54:31,510:INFO    osb 104 Missed power budget:linepower:9.563,lastdrop:0%,budget:0.11
2011-05-17 12:54:39,059:INFO    osb 104 Missed power budget:linepower:7.510,lastdrop:21%,budget:0.11
2011-05-17 12:54:46,533:INFO    osb 104 Missed power budget:linepower:5.379,lastdrop:28%,budget:0.11
2011-05-17 12:54:54,029:INFO    osb 104 Missed power budget:linepower:3.546,lastdrop:34%,budget:0.11
2011-05-17 12:55:01,495:INFO    osb 104 Missed power budget:linepower:2.200,lastdrop:38%,budget:0.11
2011-05-17 12:55:08,997:INFO    osb 104 Missed power budget:linepower:1.288,lastdrop:41%,budget:0.11
2011-05-17 12:55:16,464:INFO    osb 104 Missed power budget:linepower:0.675,lastdrop:48%,budget:0.11
2011-05-17 12:55:23,954:INFO    osb 104 Missed power budget:linepower:0.361,lastdrop:47%,budget:0.11
2011-05-17 12:55:31,409:INFO    osb 104 Missed power budget:linepower:0.182,lastdrop:50%,budget:0.11
2011-05-17 12:55:38,901:INFO    osb 111 Satisfied power budget:linepower:0.09469,budget:0.11
2011-05-17 12:55:38,902:INFO    osb 117 Completed l-range hunt; max:2048.000000,min:1024.000000
2011-05-17 12:55:38,902:INFO    osb 122 Beginning optimisation run;line:3
2011-05-17 12:55:53,856:INFO    osb 134 Completed optimisation run;line:3, l:1792.000000
2011-05-17 12:55:54,210:INFO    bundle 302 Cache Hits:0
2011-05-17 12:55:54,211:INFO    bundle 303 Cache Mises:0
2011-05-17 12:55:54,228:INFO    bundle 321 Line:0,Power:991.534mW,Rate:1181bpf
2011-05-17 12:55:54,246:INFO    bundle 321 Line:1,Power:966.128mW,Rate:2514bpf
2011-05-17 12:55:54,263:INFO    bundle 321 Line:2,Power:966.123mW,Rate:384bpf
2011-05-17 12:55:54,281:INFO    bundle 321 Line:3,Power:966.110mW,Rate:2495bpf
2011-05-17 12:55:54,281:INFO    bundle 327 Bundle Rate:6574bpf
2011-05-17 12:55:54,299:INFO    algorithm 101 All Done Here, took 334.819579, hit ratio of 0.0000
