INFO    multiuserdsm 46 Starting Up... logging to OSB_8-3k_5k-near_far.net_GPU_1.log
INFO    bundle 67 Reading fresh Network File networks/8-3k_5k-near_far.net
INFO    bundle 89 Successfully read 8 lines from networks/8-3k_5k-near_far.net
INFO    gpu 435 Spawning 1 GPU Threads
INFO    gpu 616 Initialising CUDA device
INFO    bundle 95 Calculating the channel matrix for 224 channels
INFO    bundle 166 Lines are different, xtalk should not be symmetric
INFO    bundle 176 Total:1792,%Yes:2.262277%
INFO    algorithm 48 Starting Spectrum Balancing using OSB
INFO    osb 70 Bisection
ERROR   gpu 787 Failed on Prepare,Tone 0: XTG:[  1.91812317e-05   1.20560492e-15   6.93134619e-12   1.56702171e-15
   1.14376708e-11   1.09077459e-13   1.15413760e-11   1.84003046e-15
   1.70821104e-09   8.52693132e-04   1.68260248e-08   2.34182865e-11
   2.65920320e-09   9.41141913e-10   6.32545142e-10   3.03434610e-10
   7.74493167e-12   8.80187128e-15   1.91812317e-05   3.79922499e-15
   1.45679214e-11   1.53279831e-14   6.25947041e-11   9.81894919e-16
   2.58030786e-09   1.90228295e-11   3.78287094e-09   8.52693132e-04
   2.43563118e-09   1.04745437e-12   4.69463168e-08   5.74017476e-10
   9.80161389e-12   2.02602599e-15   1.99047896e-11   1.36415906e-15
   1.91812317e-05   2.33751826e-15   3.67838845e-11   1.14110344e-15
   1.91929408e-07   7.46423175e-10   2.23044503e-08   7.69529219e-13
   4.00010623e-09   8.52693132e-04   1.68865731e-10   5.31636897e-11
   1.10600627e-11   3.54213421e-16   6.25212411e-11   2.76965078e-14
   4.39255887e-11   1.58159401e-16   1.91812317e-05   8.94633204e-16
   3.24109324e-09   2.83664583e-10   9.71206376e-10   7.69600099e-10
   1.69813231e-09   7.30340046e-11   1.30924681e-09   8.52693132e-04]
GridDim:(245760, 1),BlockDim:(8, 1, 1)
INFO    multiuserdsm 46 Starting Up... logging to OSB_8-3k_5k-near_far.net_GPU_1.log
INFO    bundle 67 Reading fresh Network File networks/8-3k_5k-near_far.net
INFO    bundle 89 Successfully read 8 lines from networks/8-3k_5k-near_far.net
INFO    gpu 395 Asked:1,Have:4,Got:1
INFO    gpu 436 Spawning 1 GPU Threads
INFO    gpu 617 Initialising CUDA device
INFO    bundle 95 Calculating the channel matrix for 224 channels
INFO    bundle 166 Lines are different, xtalk should not be symmetric
INFO    bundle 176 Total:1792,%Yes:2.262277%
INFO    algorithm 48 Starting Spectrum Balancing using OSB
INFO    osb 70 Bisection
ERROR   gpu 788 Failed on Prepare,Tone 0: XTG:[  1.91812317e-05   1.20560492e-15   6.93134619e-12   1.56702171e-15
   1.14376708e-11   1.09077459e-13   1.15413760e-11   1.84003046e-15
   1.70821104e-09   8.52693132e-04   1.68260248e-08   2.34182865e-11
   2.65920320e-09   9.41141913e-10   6.32545142e-10   3.03434610e-10
   7.74493167e-12   8.80187128e-15   1.91812317e-05   3.79922499e-15
   1.45679214e-11   1.53279831e-14   6.25947041e-11   9.81894919e-16
   2.58030786e-09   1.90228295e-11   3.78287094e-09   8.52693132e-04
   2.43563118e-09   1.04745437e-12   4.69463168e-08   5.74017476e-10
   9.80161389e-12   2.02602599e-15   1.99047896e-11   1.36415906e-15
   1.91812317e-05   2.33751826e-15   3.67838845e-11   1.14110344e-15
   1.91929408e-07   7.46423175e-10   2.23044503e-08   7.69529219e-13
   4.00010623e-09   8.52693132e-04   1.68865731e-10   5.31636897e-11
   1.10600627e-11   3.54213421e-16   6.25212411e-11   2.76965078e-14
   4.39255887e-11   1.58159401e-16   1.91812317e-05   8.94633204e-16
   3.24109324e-09   2.83664583e-10   9.71206376e-10   7.69600099e-10
   1.69813231e-09   7.30340046e-11   1.30924681e-09   8.52693132e-04]
GridDim:(245760, 1),BlockDim:(8, 1, 1)
