This is pdfTeX, Version 3.1415926-1.40.10 (TeX Live 2009/Debian) (format=pdflatex 2011.4.13)  23 MAY 2011 01:36
entering extended mode
 %&-line parsing enabled.
**report.tex
(./report.tex
LaTeX2e <2009/09/24>
Babel <v3.8l> and hyphenation patterns for english, usenglishmax, dumylang, noh
yphenation, loaded.
(/usr/share/texmf-texlive/tex/latex/base/book.cls
Document Class: book 2007/10/19 v1.4h Standard LaTeX document class
(/usr/share/texmf-texlive/tex/latex/base/bk10.clo
File: bk10.clo 2007/10/19 v1.4h Standard LaTeX file (size option)
)
\c@part=\count79
\c@chapter=\count80
\c@section=\count81
\c@subsection=\count82
\c@subsubsection=\count83
\c@paragraph=\count84
\c@subparagraph=\count85
\c@figure=\count86
\c@table=\count87
\abovecaptionskip=\skip41
\belowcaptionskip=\skip42
\bibindent=\dimen102
)
(/usr/share/texmf-texlive/tex/latex/tools/afterpage.sty
Package: afterpage 1995/10/27 v1.08 After-Page Package (DPC)
\AP@output=\toks14
\AP@partial=\box26
\AP@footins=\box27
)
(/usr/share/texmf-texlive/tex/latex/algorithms/algorithmic.sty
Package: algorithmic 2009/08/24 v0.1 Document Style `algorithmic'

(/usr/share/texmf-texlive/tex/latex/base/ifthen.sty
Package: ifthen 2001/05/26 v1.1c Standard LaTeX ifthen package (DPC)
)
(/usr/share/texmf-texlive/tex/latex/graphics/keyval.sty
Package: keyval 1999/03/16 v1.13 key=value parser (DPC)
\KV@toks@=\toks15
)
\c@ALC@unique=\count88
\c@ALC@line=\count89
\c@ALC@rem=\count90
\c@ALC@depth=\count91
\ALC@tlm=\skip43
\algorithmicindent=\skip44
)
(/usr/share/texmf-texlive/tex/latex/amsfonts/amssymb.sty
Package: amssymb 2009/06/22 v3.00

(/usr/share/texmf-texlive/tex/latex/amsfonts/amsfonts.sty
Package: amsfonts 2009/06/22 v3.00 Basic AMSFonts support
\@emptytoks=\toks16
\symAMSa=\mathgroup4
\symAMSb=\mathgroup5
LaTeX Font Info:    Overwriting math alphabet `\mathfrak' in version `bold'
(Font)                  U/euf/m/n --> U/euf/b/n on input line 96.
))
(/usr/share/texmf-texlive/tex/latex/amsmath/amsmath.sty
Package: amsmath 2000/07/18 v2.13 AMS math features
\@mathmargin=\skip45

For additional information on amsmath, use the `?' option.
(/usr/share/texmf-texlive/tex/latex/amsmath/amstext.sty
Package: amstext 2000/06/29 v2.01

(/usr/share/texmf-texlive/tex/latex/amsmath/amsgen.sty
File: amsgen.sty 1999/11/30 v2.0
\@emptytoks=\toks17
\ex@=\dimen103
))
(/usr/share/texmf-texlive/tex/latex/amsmath/amsbsy.sty
Package: amsbsy 1999/11/29 v1.2d
\pmbraise@=\dimen104
)
(/usr/share/texmf-texlive/tex/latex/amsmath/amsopn.sty
Package: amsopn 1999/12/14 v2.01 operator names
)
\inf@bad=\count92
LaTeX Info: Redefining \frac on input line 211.
\uproot@=\count93
\leftroot@=\count94
LaTeX Info: Redefining \overline on input line 307.
\classnum@=\count95
\DOTSCASE@=\count96
LaTeX Info: Redefining \ldots on input line 379.
LaTeX Info: Redefining \dots on input line 382.
LaTeX Info: Redefining \cdots on input line 467.
\Mathstrutbox@=\box28
\strutbox@=\box29
\big@size=\dimen105
LaTeX Font Info:    Redeclaring font encoding OML on input line 567.
LaTeX Font Info:    Redeclaring font encoding OMS on input line 568.
\macc@depth=\count97
\c@MaxMatrixCols=\count98
\dotsspace@=\muskip10
\c@parentequation=\count99
\dspbrk@lvl=\count100
\tag@help=\toks18
\row@=\count101
\column@=\count102
\maxfields@=\count103
\andhelp@=\toks19
\eqnshift@=\dimen106
\alignsep@=\dimen107
\tagshift@=\dimen108
\tagwidth@=\dimen109
\totwidth@=\dimen110
\lineht@=\dimen111
\@envbody=\toks20
\multlinegap=\skip46
\multlinetaggap=\skip47
\mathdisplay@stack=\toks21
LaTeX Info: Redefining \[ on input line 2666.
LaTeX Info: Redefining \] on input line 2667.
)
(/usr/share/texmf-texlive/tex/latex/appendix/appendix.sty
Package: appendix 2009/09/02 v1.2b extra appendix facilities
\c@@pps=\count104
\c@@ppsavesec=\count105
\c@@ppsaveapp=\count106
)
(/usr/share/texmf-texlive/tex/latex/booktabs/booktabs.sty
Package: booktabs 2005/04/14 v1.61803 publication quality tables
\heavyrulewidth=\dimen112
\lightrulewidth=\dimen113
\cmidrulewidth=\dimen114
\belowrulesep=\dimen115
\belowbottomsep=\dimen116
\aboverulesep=\dimen117
\abovetopsep=\dimen118
\cmidrulesep=\dimen119
\cmidrulekern=\dimen120
\defaultaddspace=\dimen121
\@cmidla=\count107
\@cmidlb=\count108
\@aboverulesep=\dimen122
\@belowrulesep=\dimen123
\@thisruleclass=\count109
\@lastruleclass=\count110
\@thisrulewidth=\dimen124
)
(/usr/share/texmf-texlive/tex/latex/caption/caption.sty
Package: caption 2009/10/09 v3.1k Customizing captions (AR)

(/usr/share/texmf-texlive/tex/latex/caption/caption3.sty
Package: caption3 2009/10/09 v3.1k caption3 kernel (AR)
\captionmargin=\dimen125
\captionmargin@=\dimen126
\captionwidth=\dimen127
\caption@indent=\dimen128
\caption@parindent=\dimen129
\caption@hangindent=\dimen130
)
\c@ContinuedFloat=\count111
)
(/usr/share/texmf-texlive/tex/latex/chngcntr/chngcntr.sty
Package: chngcntr 2009/09/02 v1.0a change counter resetting
)
(/usr/share/texmf-texlive/tex/latex/graphics/color.sty
Package: color 2005/11/14 v1.0j Standard LaTeX Color (DPC)

(/etc/texmf/tex/latex/config/color.cfg
File: color.cfg 2007/01/18 v1.5 color configuration of teTeX/TeXLive
)
Package color Info: Driver file: pdftex.def on input line 130.

(/usr/share/texmf-texlive/tex/latex/pdftex-def/pdftex.def
File: pdftex.def 2010/03/12 v0.04p Graphics/color for pdfTeX
\Gread@gobject=\count112
))
(/usr/share/texmf-texlive/tex/latex/fancyhdr/fancyhdr.sty
\fancy@headwidth=\skip48
\f@ncyO@elh=\skip49
\f@ncyO@erh=\skip50
\f@ncyO@olh=\skip51
\f@ncyO@orh=\skip52
\f@ncyO@elf=\skip53
\f@ncyO@erf=\skip54
\f@ncyO@olf=\skip55
\f@ncyO@orf=\skip56
)
(/usr/share/texmf-texlive/tex/latex/base/fixltx2e.sty
Package: fixltx2e 2006/09/13 v1.1m fixes to LaTeX
LaTeX Info: Redefining \em on input line 420.
LaTeX Info: The control sequence `\[' is already robust on input line 471.
LaTeX Info: The control sequence `\]' is already robust on input line 472.
)
(/usr/share/texmf-texlive/tex/latex/base/flafter.sty
Package: flafter 2000/07/23 v1.2i Standard LaTeX floats after reference (FMi)
)
(/usr/share/texmf-texlive/tex/latex/float/float.sty
Package: float 2001/11/08 v1.3d Float enhancements (AL)
\c@float@type=\count113
\float@exts=\toks22
\float@box=\box30
\@float@everytoks=\toks23
\@floatcapt=\box31
)
(/usr/share/texmf-texlive/tex/latex/preprint/fullpage.sty
Package: fullpage 1999/02/23 1.1 (PWD)
\FP@margin=\skip57
)
(/usr/share/texmf-texlive/tex/latex/tools/layout.sty
Package: layout 2000/09/25 v1.2c Show layout parameters
\oneinch=\count114
\cnt@paperwidth=\count115
\cnt@paperheight=\count116
\cnt@hoffset=\count117
\cnt@voffset=\count118
\cnt@textheight=\count119
\cnt@textwidth=\count120
\cnt@topmargin=\count121
\cnt@oddsidemargin=\count122
\cnt@evensidemargin=\count123
\cnt@headheight=\count124
\cnt@headsep=\count125
\cnt@marginparsep=\count126
\cnt@marginparwidth=\count127
\cnt@marginparpush=\count128
\cnt@footskip=\count129
\fheight=\count130
\ref@top=\count131
\ref@hoffset=\count132
\ref@voffset=\count133
\ref@head=\count134
\ref@body=\count135
\ref@foot=\count136
\ref@margin=\count137
\ref@marginwidth=\count138
\ref@marginpar=\count139
\Interval=\count140
\ExtraYPos=\count141
\PositionX=\count142
\PositionY=\count143
\ArrowLength=\count144
)
(/usr/share/texmf-texlive/tex/latex/listings/listings.sty
\lst@mode=\count145
\lst@gtempboxa=\box32
\lst@token=\toks24
\lst@length=\count146
\lst@currlwidth=\dimen131
\lst@column=\count147
\lst@pos=\count148
\lst@lostspace=\dimen132
\lst@width=\dimen133
\lst@newlines=\count149
\lst@lineno=\count150
\lst@maxwidth=\dimen134

(/usr/share/texmf-texlive/tex/latex/listings/lstmisc.sty
File: lstmisc.sty 2007/02/22 1.4 (Carsten Heinz)
\c@lstnumber=\count151
\lst@skipnumbers=\count152
\lst@framebox=\box33
)
(/usr/share/texmf-texlive/tex/latex/listings/listings.cfg
File: listings.cfg 2007/02/22 1.4 listings configuration
))
Package: listings 2007/02/22 1.4 (Carsten Heinz)

(/usr/share/texmf-texlive/tex/latex/base/textcomp.sty
Package: textcomp 2005/09/27 v1.99g Standard LaTeX package
Package textcomp Info: Sub-encoding information:
(textcomp)               5 = only ISO-Adobe without \textcurrency
(textcomp)               4 = 5 + \texteuro
(textcomp)               3 = 4 + \textohm
(textcomp)               2 = 3 + \textestimated + \textcurrency
(textcomp)               1 = TS1 - \textcircled - \t
(textcomp)               0 = TS1 (full)
(textcomp)             Font families with sub-encoding setting implement
(textcomp)             only a restricted character set as indicated.
(textcomp)             Family '?' is the default used for unknown fonts.
(textcomp)             See the documentation for details.
Package textcomp Info: Setting ? sub-encoding to TS1/1 on input line 71.

(/usr/share/texmf-texlive/tex/latex/base/ts1enc.def
File: ts1enc.def 2001/06/05 v3.0e (jk/car/fm) Standard LaTeX file
)
LaTeX Info: Redefining \oldstylenums on input line 266.
Package textcomp Info: Setting cmr sub-encoding to TS1/0 on input line 281.
Package textcomp Info: Setting cmss sub-encoding to TS1/0 on input line 282.
Package textcomp Info: Setting cmtt sub-encoding to TS1/0 on input line 283.
Package textcomp Info: Setting cmvtt sub-encoding to TS1/0 on input line 284.
Package textcomp Info: Setting cmbr sub-encoding to TS1/0 on input line 285.
Package textcomp Info: Setting cmtl sub-encoding to TS1/0 on input line 286.
Package textcomp Info: Setting ccr sub-encoding to TS1/0 on input line 287.
Package textcomp Info: Setting ptm sub-encoding to TS1/4 on input line 288.
Package textcomp Info: Setting pcr sub-encoding to TS1/4 on input line 289.
Package textcomp Info: Setting phv sub-encoding to TS1/4 on input line 290.
Package textcomp Info: Setting ppl sub-encoding to TS1/3 on input line 291.
Package textcomp Info: Setting pag sub-encoding to TS1/4 on input line 292.
Package textcomp Info: Setting pbk sub-encoding to TS1/4 on input line 293.
Package textcomp Info: Setting pnc sub-encoding to TS1/4 on input line 294.
Package textcomp Info: Setting pzc sub-encoding to TS1/4 on input line 295.
Package textcomp Info: Setting bch sub-encoding to TS1/4 on input line 296.
Package textcomp Info: Setting put sub-encoding to TS1/5 on input line 297.
Package textcomp Info: Setting uag sub-encoding to TS1/5 on input line 298.
Package textcomp Info: Setting ugq sub-encoding to TS1/5 on input line 299.
Package textcomp Info: Setting ul8 sub-encoding to TS1/4 on input line 300.
Package textcomp Info: Setting ul9 sub-encoding to TS1/4 on input line 301.
Package textcomp Info: Setting augie sub-encoding to TS1/5 on input line 302.
Package textcomp Info: Setting dayrom sub-encoding to TS1/3 on input line 303.
Package textcomp Info: Setting dayroms sub-encoding to TS1/3 on input line 304.

Package textcomp Info: Setting pxr sub-encoding to TS1/0 on input line 305.
Package textcomp Info: Setting pxss sub-encoding to TS1/0 on input line 306.
Package textcomp Info: Setting pxtt sub-encoding to TS1/0 on input line 307.
Package textcomp Info: Setting txr sub-encoding to TS1/0 on input line 308.
Package textcomp Info: Setting txss sub-encoding to TS1/0 on input line 309.
Package textcomp Info: Setting txtt sub-encoding to TS1/0 on input line 310.
Package textcomp Info: Setting futs sub-encoding to TS1/4 on input line 311.
Package textcomp Info: Setting futx sub-encoding to TS1/4 on input line 312.
Package textcomp Info: Setting futj sub-encoding to TS1/4 on input line 313.
Package textcomp Info: Setting hlh sub-encoding to TS1/3 on input line 314.
Package textcomp Info: Setting hls sub-encoding to TS1/3 on input line 315.
Package textcomp Info: Setting hlst sub-encoding to TS1/3 on input line 316.
Package textcomp Info: Setting hlct sub-encoding to TS1/5 on input line 317.
Package textcomp Info: Setting hlx sub-encoding to TS1/5 on input line 318.
Package textcomp Info: Setting hlce sub-encoding to TS1/5 on input line 319.
Package textcomp Info: Setting hlcn sub-encoding to TS1/5 on input line 320.
Package textcomp Info: Setting hlcw sub-encoding to TS1/5 on input line 321.
Package textcomp Info: Setting hlcf sub-encoding to TS1/5 on input line 322.
Package textcomp Info: Setting pplx sub-encoding to TS1/3 on input line 323.
Package textcomp Info: Setting pplj sub-encoding to TS1/3 on input line 324.
Package textcomp Info: Setting ptmx sub-encoding to TS1/4 on input line 325.
Package textcomp Info: Setting ptmj sub-encoding to TS1/4 on input line 326.
)
(/usr/share/texmf-texlive/tex/latex/mdwtools/mdwlist.sty
Package: mdwlist 1996/05/02 1.1 Various list-related things
)
(/usr/share/texmf-texlive/tex/latex/multirow/multirow.sty
\bigstrutjot=\dimen135
)
(/usr/share/texmf-texlive/tex/latex/nag/nag.sty
Package: nag 2009/07/30 0.62 warning about old commands (ulmi)
\c@nag@c=\count153
\c@nag@sins=\count154
)
(/usr/share/texmf-texlive/tex/latex/natbib/natbib.sty
Package: natbib 2009/07/16 8.31 (PWD, AO)
\bibhang=\skip58
\bibsep=\skip59
LaTeX Info: Redefining \cite on input line 694.
\c@NAT@ctr=\count155
)
(/usr/share/texmf-texlive/tex/latex/nomencl/nomencl.sty
Package: nomencl 2005/09/22 v4.2 Nomenclature package (LN)
\nomlabelwidth=\dimen136
\nom@tempdim=\dimen137
\nomitemsep=\skip60
)
(/usr/share/texmf-texlive/tex/latex/numprint/numprint.sty
Package: numprint 2008/02/17 v1.38 Print numbers (HH)

(/usr/share/texmf-texlive/tex/latex/tools/array.sty
Package: array 2008/09/09 v2.4c Tabular extension package (FMi)
\col@sep=\dimen138
\extrarowheight=\dimen139
\NC@list=\toks25
\extratabsurround=\skip61
\backup@length=\skip62
)
\c@nprt@mantissa@digitsbefore=\count156
\c@nprt@mantissa@digitsafter=\count157
\c@nprt@exponent@digitsbefore=\count158
\c@nprt@exponent@digitsafter=\count159
\nprt@digitwidth=\skip63
\nprt@sepwidth=\skip64
\nprt@decimalwidth=\skip65
\nprt@blockwidth=\skip66
\nprt@digittoks=\toks26
\nprt@pretoks=\toks27
\nprt@posttoks=\toks28
\nprt@thisdigit=\count160
\nprt@curpos=\count161
\nprt@rndpos=\count162
\c@nprt@digitsfirstblock=\count163
\c@nprt@blockcnt=\count164
\c@nprt@cntprint=\count165

No configuration file `numprint.cfg' found.)
(/usr/share/texmf-texlive/tex/latex/eurosym/eurosym.sty
Package: eurosym 1998/08/06 v1.1 European currency symbol ``Euro''
\@eurobox=\box34
)
(/usr/share/texmf-texlive/tex/latex/pdfpages/pdfpages.sty
Package: pdfpages 2009/02/07 v0.4g Insert pages of external PDF documents (AM)

(/usr/share/texmf-texlive/tex/latex/graphics/graphicx.sty
Package: graphicx 1999/02/16 v1.0f Enhanced LaTeX Graphics (DPC,SPQR)

(/usr/share/texmf-texlive/tex/latex/graphics/graphics.sty
Package: graphics 2009/02/05 v1.0o Standard LaTeX Graphics (DPC,SPQR)

(/usr/share/texmf-texlive/tex/latex/graphics/trig.sty
Package: trig 1999/03/16 v1.09 sin cos tan (DPC)
)
(/etc/texmf/tex/latex/config/graphics.cfg
File: graphics.cfg 2009/08/28 v1.8 graphics configuration of TeX Live
)
Package graphics Info: Driver file: pdftex.def on input line 91.
)
\Gin@req@height=\dimen140
\Gin@req@width=\dimen141
)
(/usr/share/texmf-texlive/tex/latex/tools/calc.sty
Package: calc 2007/08/22 v4.3 Infix arithmetic (KKT,FJ)
\calc@Acount=\count166
\calc@Bcount=\count167
\calc@Adimen=\dimen142
\calc@Bdimen=\dimen143
\calc@Askip=\skip67
\calc@Bskip=\skip68
LaTeX Info: Redefining \setlength on input line 76.
LaTeX Info: Redefining \addtolength on input line 77.
\calc@Ccount=\count168
\calc@Cskip=\skip69
)
(/usr/share/texmf-texlive/tex/latex/eso-pic/eso-pic.sty
Package: eso-pic 2006/07/14 v1.1d eso-pic (RN)

(/usr/share/texmf-texlive/tex/latex/ms/everyshi.sty
Package: everyshi 2001/05/15 v3.00 EveryShipout Package (MS)
))
(/usr/share/texmf-texlive/tex/latex/pdfpages/pppdftex.def
File: pppdftex.def 2009/02/07 v0.4g Pdfpages driver for pdfTeX (AM)
)
\AM@pagebox=\box35
\AM@toc@title=\toks29
\c@AM@survey=\count169
\AM@templatesizebox=\box36
)
(/usr/share/texmf-texlive/tex/latex/oberdiek/epstopdf.sty
Package: epstopdf 2009/10/17 v2.4 Conversion with epstopdf on the fly (HO)

(/usr/share/texmf-texlive/tex/latex/oberdiek/epstopdf-base.sty
Package: epstopdf-base 2009/10/17 v2.4 Base part for package epstopdf

(/usr/share/texmf-texlive/tex/generic/oberdiek/infwarerr.sty
Package: infwarerr 2007/09/09 v1.2 Providing info/warning/message (HO)
)
(/usr/share/texmf-texlive/tex/latex/oberdiek/grfext.sty
Package: grfext 2007/09/30 v1.0 Managing graphics extensions (HO)
)
(/usr/share/texmf-texlive/tex/latex/oberdiek/kvoptions.sty
Package: kvoptions 2009/08/13 v3.4 Keyval support for LaTeX options (HO)

(/usr/share/texmf-texlive/tex/generic/oberdiek/kvsetkeys.sty
Package: kvsetkeys 2009/07/30 v1.5 Key value parser with default handler suppor
t (HO)

(/usr/share/texmf-texlive/tex/generic/oberdiek/etexcmds.sty
Package: etexcmds 2007/12/12 v1.2 Prefix for e-TeX command names (HO)
Package etexcmds Info: Could not find \expanded.
(etexcmds)             That can mean that you are not using pdfTeX 1.50 or
(etexcmds)             that some package has redefined \expanded.
(etexcmds)             In the latter case, load this package earlier.
)))
(/usr/share/texmf-texlive/tex/generic/oberdiek/pdftexcmds.sty
Package: pdftexcmds 2009/09/23 v0.6 LuaTeX support for pdfTeX utility functions
 (HO)

(/usr/share/texmf-texlive/tex/generic/oberdiek/ifluatex.sty
Package: ifluatex 2009/04/17 v1.2 Provides the ifluatex switch (HO)
Package ifluatex Info: LuaTeX not detected.
)
(/usr/share/texmf-texlive/tex/generic/oberdiek/ltxcmds.sty
Package: ltxcmds 2009/08/05 v1.0 Some LaTeX kernel commands for general use (HO
)
)
Package pdftexcmds Info: LuaTeX not detected.
Package pdftexcmds Info: \pdf@primitive is available.
Package pdftexcmds Info: \pdf@ifprimitive is available.
)

Package epstopdf Warning: Shell escape feature is not enabled.

Package grfext Info: Graphics extension search list:
(grfext)             [.png,.pdf,.jpg,.mps,.jpeg,.jbig2,.jb2,.PNG,.PDF,.JPG,.JPE
G,.JBIG2,.JB2,.eps]
(grfext)             \AppendGraphicsExtensions on input line 433.
(/usr/share/texmf-texlive/tex/latex/latexconfig/epstopdf-sys.cfg
File: epstopdf-sys.cfg 2009/10/26 v1.1 Configuration of epstopdf for TeX Live
)))
(/usr/share/texmf-texlive/tex/latex/hyperref/hyperref.sty
Package: hyperref 2009/10/09 v6.79a Hypertext links for LaTeX

(/usr/share/texmf-texlive/tex/generic/oberdiek/ifpdf.sty
Package: ifpdf 2009/04/10 v2.0 Provides the ifpdf switch (HO)
Package ifpdf Info: pdfTeX in pdf mode detected.
)
(/usr/share/texmf-texlive/tex/generic/oberdiek/ifvtex.sty
Package: ifvtex 2008/11/04 v1.4 Switches for detecting VTeX and its modes (HO)
Package ifvtex Info: VTeX not detected.
)
(/usr/share/texmf-texlive/tex/generic/ifxetex/ifxetex.sty
Package: ifxetex 2009/01/23 v0.5 Provides ifxetex conditional
)
(/usr/share/texmf-texlive/tex/latex/oberdiek/hycolor.sty
Package: hycolor 2009/10/02 v1.5 Code for color options of hyperref/bookmark (H
O)

(/usr/share/texmf-texlive/tex/latex/oberdiek/xcolor-patch.sty
Package: xcolor-patch 2009/10/02 xcolor patch
))
\@linkdim=\dimen144
\Hy@linkcounter=\count170
\Hy@pagecounter=\count171

(/usr/share/texmf-texlive/tex/latex/hyperref/pd1enc.def
File: pd1enc.def 2009/10/09 v6.79a Hyperref: PDFDocEncoding definition (HO)
)
(/usr/share/texmf-texlive/tex/latex/latexconfig/hyperref.cfg
File: hyperref.cfg 2002/06/06 v1.2 hyperref configuration of TeXLive
)
Package hyperref Info: Hyper figures OFF on input line 2975.
Package hyperref Info: Link nesting OFF on input line 2980.
Package hyperref Info: Hyper index ON on input line 2983.
Package hyperref Info: Plain pages OFF on input line 2990.
Package hyperref Info: Backreferencing OFF on input line 2995.

Implicit mode ON; LaTeX internals redefined
Package hyperref Info: Bookmarks ON on input line 3191.
(/usr/share/texmf-texlive/tex/latex/ltxmisc/url.sty
\Urlmuskip=\muskip11
Package: url 2006/04/12  ver 3.3  Verb mode for urls, etc.
)
LaTeX Info: Redefining \url on input line 3428.

(/usr/share/texmf-texlive/tex/generic/oberdiek/bitset.sty
Package: bitset 2007/09/28 v1.0 Data type bit set (HO)

(/usr/share/texmf-texlive/tex/generic/oberdiek/intcalc.sty
Package: intcalc 2007/09/27 v1.1 Expandable integer calculations (HO)
)
(/usr/share/texmf-texlive/tex/generic/oberdiek/bigintcalc.sty
Package: bigintcalc 2007/11/11 v1.1 Expandable big integer calculations (HO)
))
\Fld@menulength=\count172
\Field@Width=\dimen145
\Fld@charsize=\dimen146
\Field@toks=\toks30
Package hyperref Info: Hyper figures OFF on input line 4377.
Package hyperref Info: Link nesting OFF on input line 4382.
Package hyperref Info: Hyper index ON on input line 4385.
Package hyperref Info: backreferencing OFF on input line 4392.
Package hyperref Info: Link coloring OFF on input line 4397.
Package hyperref Info: Link coloring with OCG OFF on input line 4402.
Package hyperref Info: PDF/A mode OFF on input line 4407.

(/usr/share/texmf-texlive/tex/generic/oberdiek/atbegshi.sty
Package: atbegshi 2008/07/31 v1.9 At begin shipout hook (HO)
)
\Hy@abspage=\count173
\c@Item=\count174
\c@Hfootnote=\count175
)
*hyperref using default driver hpdftex*
(/usr/share/texmf-texlive/tex/latex/hyperref/hpdftex.def
File: hpdftex.def 2009/10/09 v6.79a Hyperref driver for pdfTeX
\Fld@listcount=\count176
)
(/usr/share/texmf-texlive/tex/latex/psnfss/helvet.sty
Package: helvet 2005/04/12 PSNFSS-v9.2a (WaS) 
)
(/usr/share/texmf-texlive/tex/latex/subfig/subfig.sty
Package: subfig 2005/06/28 ver: 1.3 subfig package
\c@KVtest=\count177
\sf@farskip=\skip70
\sf@captopadj=\dimen147
\sf@capskip=\skip71
\sf@nearskip=\skip72
\c@subfigure=\count178
\c@subfigure@save=\count179
\c@lofdepth=\count180
\c@subtable=\count181
\c@subtable@save=\count182
\c@lotdepth=\count183
\sf@top=\skip73
\sf@bottom=\skip74
)
(/usr/share/texmf-texlive/tex/latex/tools/tabularx.sty
Package: tabularx 1999/01/07 v2.07 `tabularx' package (DPC)
\TX@col@width=\dimen148
\TX@old@table=\dimen149
\TX@old@col=\dimen150
\TX@target=\dimen151
\TX@delta=\dimen152
\TX@cols=\count184
\TX@ftn=\toks31
)
(/usr/share/texmf-texlive/tex/latex/ucs/ucs.sty
Package: ucs 2004/10/17 UCS: Unicode input support

(/usr/share/texmf-texlive/tex/latex/ucs/data/uni-global.def
File: uni-global.def 2004/10/17 UCS: Unicode global data
)
\uc@secondtry=\count185
\uc@combtoks=\toks32
\uc@combtoksb=\toks33
\uc@temptokena=\toks34
)
(/usr/share/texmf-texlive/tex/latex/ltxmisc/ulem.sty
\UL@box=\box37
\UL@hyphenbox=\box38
\UL@skip=\skip75
\UL@hook=\toks35
\UL@pe=\count186
\UL@pixel=\dimen153
\ULC@box=\box39
Package: ulem 2000/05/26
\ULdepth=\dimen154
)
(/usr/share/texmf-texlive/tex/latex/base/inputenc.sty
Package: inputenc 2008/03/30 v1.1d Input encoding file
\inpenc@prehook=\toks36
\inpenc@posthook=\toks37

(/usr/share/texmf-texlive/tex/latex/ucs/utf8x.def
File: utf8x.def 2004/10/17 UCS: Input encoding UTF-8
))
(/usr/share/texmf-texlive/tex/latex/tools/varioref.sty
Package: varioref 2009/09/13 v1.4w package for extended references (FMi)
\c@vrcnt=\count187
)
(/usr/share/texmf-texlive/tex/latex/comment/comment.sty
\CommentStream=\write3

Excluding comment 'comment')
\@nomenclaturefile=\write4
\openout4 = `report.nlo'.


Writing nomenclature file report.nlo
\@indexfile=\write5
\openout5 = `report.idx'.

Writing index file report.idx
(/usr/share/texmf-texlive/tex/latex/listings/lstlang1.sty
File: lstlang1.sty 2004/09/05 1.3 listings language file
)
(/usr/share/texmf-texlive/tex/latex/listings/lstlang1.sty
File: lstlang1.sty 2004/09/05 1.3 listings language file
)
Package hyperref Info: Option `hypertexnames' set `false' on input line 159.
Package hyperref Info: Option `breaklinks' set `true' on input line 159.
Package hyperref Info: Option `unicode' set `false' on input line 159.

(/usr/share/texmf-texlive/tex/latex/hyperref/puenc.def
File: puenc.def 2009/10/09 v6.79a Hyperref: PDF Unicode definition (HO)
)
Package hyperref Info: Option `pdftoolbar' set `true' on input line 159.
Package hyperref Info: Option `pdfmenubar' set `true' on input line 159.
Package hyperref Info: Option `pdffitwindow' set `false' on input line 159.
Package hyperref Info: Option `pdfnewwindow' set `true' on input line 159.
Package hyperref Info: Option `colorlinks' set `true' on input line 159.
 (./report.aux
(./originality.aux) (./introduction.aux) (./research.aux) (./solution.aux)
(./results.aux) (./evaluation.aux) (./appendices.aux))
\openout1 = `report.aux'.

LaTeX Font Info:    Checking defaults for OML/cmm/m/it on input line 169.
LaTeX Font Info:    ... okay on input line 169.
LaTeX Font Info:    Checking defaults for T1/cmr/m/n on input line 169.
LaTeX Font Info:    ... okay on input line 169.
LaTeX Font Info:    Checking defaults for OT1/cmr/m/n on input line 169.
LaTeX Font Info:    ... okay on input line 169.
LaTeX Font Info:    Checking defaults for OMS/cmsy/m/n on input line 169.
LaTeX Font Info:    ... okay on input line 169.
LaTeX Font Info:    Checking defaults for OMX/cmex/m/n on input line 169.
LaTeX Font Info:    ... okay on input line 169.
LaTeX Font Info:    Checking defaults for U/cmr/m/n on input line 169.
LaTeX Font Info:    ... okay on input line 169.
LaTeX Font Info:    Checking defaults for TS1/cmr/m/n on input line 169.
LaTeX Font Info:    Try loading font information for TS1+cmr on input line 169.


(/usr/share/texmf-texlive/tex/latex/base/ts1cmr.fd
File: ts1cmr.fd 1999/05/25 v2.5h Standard LaTeX font definitions
)
LaTeX Font Info:    ... okay on input line 169.
LaTeX Font Info:    Checking defaults for PD1/pdf/m/n on input line 169.
LaTeX Font Info:    ... okay on input line 169.
LaTeX Font Info:    Checking defaults for PU/pdf/m/n on input line 169.
LaTeX Font Info:    ... okay on input line 169.
Package caption Info: Begin \AtBeginDocument code.
Package caption3 Info: subfig package 1.2 or 1.3 is loaded.
LaTeX Info: Redefining \subref on input line 169.
Package caption Info: float package is loaded.
Package caption Info: hyperref package is loaded.
Package caption Info: listings package is loaded.
Package caption Info: End \AtBeginDocument code.

(/usr/share/texmf-texlive/tex/context/base/supp-pdf.mkii
[Loading MPS to PDF converter (version 2006.09.02).]
\scratchcounter=\count188
\scratchdimen=\dimen155
\scratchbox=\box40
\nofMPsegments=\count189
\nofMParguments=\count190
\everyMPshowfont=\toks38
\MPscratchCnt=\count191
\MPscratchDim=\dimen156
\MPnumerator=\count192
\everyMPtoPDFconversion=\toks39
)
\c@lstlisting=\count193
Package nag Info: Attempting subfig hack.
Package nag Info: OK, equivalent to subfig 1.3, redefining \sf@@@subfloat.
 ABD: EveryShipout initializing macros
Package hyperref Info: Link coloring ON on input line 169.

(/usr/share/texmf-texlive/tex/latex/hyperref/nameref.sty
Package: nameref 2007/05/29 v2.31 Cross-referencing by name of section

(/usr/share/texmf-texlive/tex/latex/oberdiek/refcount.sty
Package: refcount 2008/08/11 v3.1 Data extraction from references (HO)
)
\c@section@level=\count194
LaTeX Info: Redefining \Ref on input line 396.
)
LaTeX Info: Redefining \ref on input line 169.
LaTeX Info: Redefining \pageref on input line 169.
 (./report.out)
(./report.out)
\@outlinefile=\write6
\openout6 = `report.out'.

\AtBeginShipoutBox=\box41
LaTeX Info: Redefining \Ref on input line 169.
 (/usr/share/texmf-texlive/tex/latex/ucs/ucsencs.def
File: ucsencs.def 2003/11/29 Fixes to fontencodings LGR, T3
)
LaTeX Font Info:    Try loading font information for U+msa on input line 175.

(/usr/share/texmf-texlive/tex/latex/amsfonts/umsa.fd
File: umsa.fd 2009/06/22 v3.00 AMS symbols A
)
LaTeX Font Info:    Try loading font information for U+msb on input line 175.

(/usr/share/texmf-texlive/tex/latex/amsfonts/umsb.fd
File: umsb.fd 2009/06/22 v3.00 AMS symbols B
) [1


{/var/lib/texmf/fonts/map/pdftex/updmap/pdftex.map}] [1


] [2


]
\openout2 = `originality.aux'.

 (./originality.tex)
<../images/QUB.pdf, id=257, 359.3425pt x 135.50626pt>
File: ../images/QUB.pdf Graphic file (type pdf)
 <use ../images/QUB.pdf>
[3


 <../images/QUB.pdf>] (./report.toc
Underfull \vbox (badness 3000) has occurred while \output is active []

 [4



]
Underfull \vbox (badness 2334) has occurred while \output is active []

File: ../images/QUB.pdf Graphic file (type pdf)

<use ../images/QUB.pdf> [5])
\tf@toc=\write7
\openout7 = `report.toc'.

 (./report.nls
File: ../images/QUB.pdf Graphic file (type pdf)
 <use ../images/QUB.pdf> [6] [7

]
File: ../images/QUB.pdf Graphic file (type pdf)

<use ../images/QUB.pdf> [8])
File: ../images/QUB.pdf Graphic file (type pdf)
 <use ../images/QUB.pdf> [9]
\openout2 = `introduction.aux'.

 (./introduction.tex
Chapter 1.
<images/BT-DSL-growth.png, id=366, 672.5125pt x 333.245pt>
File: images/BT-DSL-growth.png Graphic file (type png)

<use images/BT-DSL-growth.png> [1



 <./images/BT-DSL-growth.png>]
File: ../images/QUB.pdf Graphic file (type pdf)

<use ../images/QUB.pdf> [2]
(/usr/share/texmf-texlive/tex/latex/ucs/data/uni-32.def
File: uni-32.def 2004/10/17 UCS: Unicode data U+2000..U+20FF
)
File: ../images/QUB.pdf Graphic file (type pdf)

<use ../images/QUB.pdf> [3

]
LaTeX Font Info:    Try loading font information for TS1+cmss on input line 80.

 (/usr/share/texmf-texlive/tex/latex/base/ts1cmss.fd
File: ts1cmss.fd 1999/05/25 v2.5h Standard LaTeX font definitions
)
File: ../images/QUB.pdf Graphic file (type pdf)
 <use ../images/QUB.pdf> [4])
File: ../images/QUB.pdf Graphic file (type pdf)
 <use ../images/QUB.pdf> [5]
\openout2 = `research.aux'.

 (./research.tex
Chapter 2.

Package hyperref Warning: The anchor of a bookmark and its parent's must not
(hyperref)                be the same. Added a new anchor on input line 11.


Underfull \vbox (badness 10000) has occurred while \output is active []

 [6



]
File: ../images/QUB.pdf Graphic file (type pdf)

<use ../images/QUB.pdf> [7]
<images/variable_qam.png, id=421, 482.80376pt x 623.32875pt>
File: images/variable_qam.png Graphic file (type png)

<use images/variable_qam.png>
Underfull \vbox (badness 2846) has occurred while \output is active []

File: ../images/QUB.pdf Graphic file (type pdf)

<use ../images/QUB.pdf> [8 <./images/variable_qam.png>]
<images/2-3k5k-nearfar.png, id=435, 574.145pt x 213.79875pt>
File: images/2-3k5k-nearfar.png Graphic file (type png)

<use images/2-3k5k-nearfar.png>
<images/4-3k5k-nearfar.png, id=436, 470.75874pt x 386.44376pt>
File: images/4-3k5k-nearfar.png Graphic file (type png)

<use images/4-3k5k-nearfar.png>
File: ../images/QUB.pdf Graphic file (type pdf)
 <use ../images/QUB.pdf> [9 <./images/2-3k5k-nearfar.png> <./images/4-3k5k-near
far.png>]
<images/rclg.png, id=450, 294.09875pt x 165.61874pt>
File: images/rclg.png Graphic file (type png)
 <use images/rclg.png>

LaTeX Warning: `!h' float specifier changed to `!ht'.

File: ../images/QUB.pdf Graphic file (type pdf)
<use ../images/QUB.pdf> [10]
File: ../images/QUB.pdf Graphic file (type pdf)
 <use ../images/QUB.pdf> [11 <./images/rclg.png (PNG copy)>] <images/awg24lengt
hs.png, id=475, 544.0325pt x 323.2075pt>
File: images/awg24lengths.png Graphic file (type png)

<use images/awg24lengths.png>
File: ../images/QUB.pdf Graphic file (type pdf)
 <use ../images/QUB.pdf> [12 <./images/awg24lengths.png>]
File: ../images/QUB.pdf Graphic file (type pdf)
 <use ../images/QUB.pdf> [13]
File: ../images/QUB.pdf Graphic file (type pdf)
 <use ../images/QUB.pdf> [14]
<images/rateregion.png, id=541, 500.87125pt x 189.70876pt>
File: images/rateregion.png Graphic file (type png)

<use images/rateregion.png>
File: ../images/QUB.pdf Graphic file (type pdf)
 <use ../images/QUB.pdf> [15 <./images/rateregion.png>]
Underfull \hbox (badness 10000) in paragraph at lines 342--342
[]|\OT1/cmss/m/n/10 Vectored-DMT$[]$,
 []


LaTeX Font Warning: Font shape `OT1/cmss/m/it' in size <6> not available
(Font)              Font shape `OT1/cmss/m/sl' tried instead on input line 342.



LaTeX Warning: `!h' float specifier changed to `!ht'.

File: ../images/QUB.pdf Graphic file (type pdf)
<use ../images/QUB.pdf> [16] <images/wf.png, id=598, 473.77pt x 401.5pt>
File: images/wf.png Graphic file (type png)

<use images/wf.png> <images/iwf.png, id=599, 455.7025pt x 511.9125pt>
File: images/iwf.png Graphic file (type png)

<use images/iwf.png>

LaTeX Warning: `!h' float specifier changed to `!ht'.

File: ../images/QUB.pdf Graphic file (type pdf)
<use ../images/QUB.pdf> [17]

LaTeX Warning: `!h' float specifier changed to `!ht'.


Package hyperref Warning: The anchor of a bookmark and its parent's must not
(hyperref)                be the same. Added a new anchor on input line 407.

File: ../images/QUB.pdf Graphic file (type pdf)
<use ../images/QUB.pdf> [18 <./images/wf.png> <./images/iwf.png>]
Underfull \vbox (badness 10000) has occurred while \output is active []

File: ../images/QUB.pdf Graphic file (type pdf)

<use ../images/QUB.pdf> [19]
Underfull \vbox (badness 1320) has occurred while \output is active []

File: ../images/QUB.pdf Graphic file (type pdf)

<use ../images/QUB.pdf> [20]
Underfull \vbox (badness 10000) has occurred while \output is active []

File: ../images/QUB.pdf Graphic file (type pdf)

<use ../images/QUB.pdf> [21]
Overfull \hbox (45.29955pt too wide) in paragraph at lines 524--525
[][] 
 []


Underfull \vbox (badness 10000) has occurred while \output is active []

File: ../images/QUB.pdf Graphic file (type pdf)

<use ../images/QUB.pdf> [22]
File: ../images/QUB.pdf Graphic file (type pdf)
 <use ../images/QUB.pdf> [23]
<images/cpu_vs_gpu.png, id=730, 642.4pt x 321.2pt>
File: images/cpu_vs_gpu.png Graphic file (type png)
 <use images/cpu_vs_gpu.png>
File: ../images/QUB.pdf Graphic file (type pdf)

<use ../images/QUB.pdf> [24 <./images/cpu_vs_gpu.png>]
<images/SISD.png, id=750, 401.5pt x 401.5pt>
File: images/SISD.png Graphic file (type png)
 <use images/SISD.png>
<images/SIMD.png, id=751, 401.5pt x 401.5pt>
File: images/SIMD.png Graphic file (type png)
 <use images/SIMD.png>
<images/MISD.png, id=752, 401.5pt x 401.5pt>
File: images/MISD.png Graphic file (type png)
 <use images/MISD.png>
<images/MIMD.png, id=753, 401.5pt x 401.5pt>
File: images/MIMD.png Graphic file (type png)
 <use images/MIMD.png>

LaTeX Warning: `!h' float specifier changed to `!ht'.

File: ../images/QUB.pdf Graphic file (type pdf)
<use ../images/QUB.pdf> [25 <./images/SISD.png> <./images/SIMD.png> <./images/M
ISD.png> <./images/MIMD.png>]
<images/Pipeline.png, id=773, 943.525pt x 903.375pt>
File: images/Pipeline.png Graphic file (type png)
 <use images/Pipeline.png>

LaTeX Warning: `!h' float specifier changed to `!ht'.

File: ../images/QUB.pdf Graphic file (type pdf)
<use ../images/QUB.pdf> [26]
File: ../images/QUB.pdf Graphic file (type pdf)
 <use ../images/QUB.pdf> [27 <./images/Pipeline.png>]

Package hyperref Warning: The anchor of a bookmark and its parent's must not
(hyperref)                be the same. Added a new anchor on input line 628.

<images/AmdahlsLaw.png, id=796, 650.43pt x 487.8225pt>
File: images/AmdahlsLaw.png Graphic file (type png)

<use images/AmdahlsLaw.png>
File: ../images/QUB.pdf Graphic file (type pdf)
 <use ../images/QUB.pdf> [28 <./images/AmdahlsLaw.png>] <images/GustafsonsLaw.p
ng, id=808, 385.44pt x 270.2898pt>
File: images/GustafsonsLaw.png Graphic file (type png)

<use images/GustafsonsLaw.png>
File: ../images/QUB.pdf Graphic file (type pdf)
 <use ../images/QUB.pdf> [29 <./images/GustafsonsLaw.png>] <images/cuda_archite
cture.png, id=830, 483.4863pt x 293.4162pt>
File: images/cuda_architecture.png Graphic file (type png)

<use images/cuda_architecture.png>
<images/CUDA_host_dev_threads.png, id=832, 379.4175pt x 439.6425pt>
File: images/CUDA_host_dev_threads.png Graphic file (type png)

<use images/CUDA_host_dev_threads.png>

LaTeX Warning: `!h' float specifier changed to `!ht'.

(/usr/share/texmf-texlive/tex/latex/listings/lstlang1.sty
File: lstlang1.sty 2004/09/05 1.3 listings language file
)
(/usr/share/texmf-texlive/tex/latex/listings/lstmisc.sty
File: lstmisc.sty 2007/02/22 1.4 (Carsten Heinz)
)
LaTeX Font Info:    Try loading font information for OT1+pcr on input line 696.


(/usr/share/texmf-texlive/tex/latex/psnfss/ot1pcr.fd
File: ot1pcr.fd 2001/06/04 font definitions for OT1/pcr.
)
(/usr/share/texmf-texlive/tex/latex/ucs/utf8x.def
File: utf8x.def 2004/10/17 UCS: Input encoding UTF-8
)

LaTeX Warning: `!h' float specifier changed to `!ht'.

File: ../images/QUB.pdf Graphic file (type pdf)
<use ../images/QUB.pdf> [30 <./images/cuda_architecture.png>]
(/usr/share/texmf-texlive/tex/latex/ucs/utf8x.def
File: utf8x.def 2004/10/17 UCS: Input encoding UTF-8
)
File: ../images/QUB.pdf Graphic file (type pdf)
 <use ../images/QUB.pdf>
[31 <./images/CUDA_host_dev_threads.png (PNG copy)>]
(/usr/share/texmf-texlive/tex/latex/ucs/utf8x.def
File: utf8x.def 2004/10/17 UCS: Input encoding UTF-8
)
<images/thread_divergence.png, id=868, 929.4725pt x 557.08125pt>
File: images/thread_divergence.png Graphic file (type png)

<use images/thread_divergence.png>

LaTeX Warning: `!h' float specifier changed to `!ht'.


Underfull \vbox (badness 3803) has occurred while \output is active []

File: ../images/QUB.pdf Graphic file (type pdf)

<use ../images/QUB.pdf> [32]
<images/cuda_mem_arch.png, id=882, 42.67914pt x 48.36969pt>
File: images/cuda_mem_arch.png Graphic file (type png)

<use images/cuda_mem_arch.png>

LaTeX Warning: `!h' float specifier changed to `!ht'.

File: ../images/QUB.pdf Graphic file (type pdf)
<use ../images/QUB.pdf> [33 <./images/thread_divergence.png (PNG copy)>]
<images/NVDA_BLAS_C1060_vs_CPU_675.png, id=891, 674.52pt x 372.39125pt>
File: images/NVDA_BLAS_C1060_vs_CPU_675.png Graphic file (type png)

<use images/NVDA_BLAS_C1060_vs_CPU_675.png>
File: ../images/QUB.pdf Graphic file (type pdf)
 <use ../images/QUB.pdf> [34 <./images/cuda_mem_arch.png (PNG copy)> <./images/
NVDA_BLAS_C1060_vs_CPU_675.png (PNG copy)>] (/usr/share/texmf-texlive/tex/latex
/ucs/utf8x.def
File: utf8x.def 2004/10/17 UCS: Input encoding UTF-8
)
<images/naive_matrix.png, id=905, 401.5pt x 402.50375pt>
File: images/naive_matrix.png Graphic file (type png)

<use images/naive_matrix.png>
File: ../images/QUB.pdf Graphic file (type pdf)
 <use ../images/QUB.pdf> [35 <./images/naive_matrix.png>] (/usr/share/texmf-tex
live/tex/latex/ucs/utf8x.def
File: utf8x.def 2004/10/17 UCS: Input encoding UTF-8
)
File: ../images/QUB.pdf Graphic file (type pdf)

<use ../images/QUB.pdf> [36]
<images/FlopsMx2_Asus_G51J_02.png, id=925, 803.0pt x 602.25pt>
File: images/FlopsMx2_Asus_G51J_02.png Graphic file (type png)

<use images/FlopsMx2_Asus_G51J_02.png>
File: ../images/QUB.pdf Graphic file (type pdf)
 <use ../images/QUB.pdf> [37 <./images/FlopsMx2_Asus_G51J_02.png (PNG copy)>]

Package hyperref Warning: The anchor of a bookmark and its parent's must not
(hyperref)                be the same. Added a new anchor on input line 905.

File: ../images/QUB.pdf Graphic file (type pdf)
<use ../images/QUB.pdf> [38])
File: ../images/QUB.pdf Graphic file (type pdf)
 <use ../images/QUB.pdf> [39]
\openout2 = `solution.aux'.

 (./solution.tex
Chapter 3.
[40



]

Package hyperref Warning: The anchor of a bookmark and its parent's must not
(hyperref)                be the same. Added a new anchor on input line 20.

File: ../images/QUB.pdf Graphic file (type pdf)
<use ../images/QUB.pdf> [41]
File: ../images/QUB.pdf Graphic file (type pdf)
 <use ../images/QUB.pdf> [42]
<images/FEXT_case_1.png, id=974, 286.06876pt x 188.20313pt>
File: images/FEXT_case_1.png Graphic file (type png)

<use images/FEXT_case_1.png>
<images/FEXT_case_9.png, id=975, 286.06876pt x 188.20313pt>
File: images/FEXT_case_9.png Graphic file (type png)

<use images/FEXT_case_9.png>
<images/FEXT_case_2.png, id=976, 286.06876pt x 188.20313pt>
File: images/FEXT_case_2.png Graphic file (type png)

<use images/FEXT_case_2.png>
<images/FEXT_case_6.png, id=977, 286.06876pt x 188.20313pt>
File: images/FEXT_case_6.png Graphic file (type png)

<use images/FEXT_case_6.png>
<images/FEXT_case_3.png, id=978, 286.06876pt x 188.20313pt>
File: images/FEXT_case_3.png Graphic file (type png)

<use images/FEXT_case_3.png>
<images/FEXT_case_7.png, id=979, 286.06876pt x 188.20313pt>
File: images/FEXT_case_7.png Graphic file (type png)

<use images/FEXT_case_7.png>
<images/FEXT_case_4.png, id=980, 286.06876pt x 188.20313pt>
File: images/FEXT_case_4.png Graphic file (type png)

<use images/FEXT_case_4.png>
<images/FEXT_case_8.png, id=981, 286.06876pt x 188.20313pt>
File: images/FEXT_case_8.png Graphic file (type png)

<use images/FEXT_case_8.png>
<images/FEXT_case_5.png, id=982, 286.06876pt x 188.20313pt>
File: images/FEXT_case_5.png Graphic file (type png)

<use images/FEXT_case_5.png>
<images/FEXT_case_10.png, id=983, 286.06876pt x 188.20313pt>
File: images/FEXT_case_10.png Graphic file (type png)

<use images/FEXT_case_10.png>
Underfull \vbox (badness 10000) has occurred while \output is active []

File: ../images/QUB.pdf Graphic file (type pdf)

<use ../images/QUB.pdf> [43]
Overfull \vbox (19.68613pt too high) has occurred while \output is active []

File: ../images/QUB.pdf Graphic file (type pdf)

<use ../images/QUB.pdf> [44 <./images/FEXT_case_1.png (PNG copy)> <./images/FEX
T_case_9.png (PNG copy)> <./images/FEXT_case_2.png (PNG copy)> <./images/FEXT_c
ase_6.png (PNG copy)> <./images/FEXT_case_3.png (PNG copy)> <./images/FEXT_case
_7.png (PNG copy)> <./images/FEXT_case_4.png (PNG copy)> <./images/FEXT_case_8.
png (PNG copy)> <./images/FEXT_case_5.png (PNG copy)> <./images/FEXT_case_10.pn
g (PNG copy)>]
<images/2_line_channel_matrix_AMK.png, id=996, 578.16pt x 433.62pt>
File: images/2_line_channel_matrix_AMK.png Graphic file (type png)

<use images/2_line_channel_matrix_AMK.png>
<images/2_line_channel_matrix_MINE.png, id=997, 578.16pt x 433.62pt>
File: images/2_line_channel_matrix_MINE.png Graphic file (type png)

<use images/2_line_channel_matrix_MINE.png>
File: ../images/QUB.pdf Graphic file (type pdf)
 <use ../images/QUB.pdf> [45 <./images/2_line_channel_matrix_AMK.png> <./images
/2_line_channel_matrix_MINE.png>]
<images/2_line_bitload_AMK.png, id=1012, 578.16pt x 433.62pt>
File: images/2_line_bitload_AMK.png Graphic file (type png)

<use images/2_line_bitload_AMK.png>
<images/2_line_bitload_MINE.png, id=1013, 578.16pt x 433.62pt>
File: images/2_line_bitload_MINE.png Graphic file (type png)

<use images/2_line_bitload_MINE.png>
<images/2_line_power_AMK.png, id=1014, 578.16pt x 433.62pt>
File: images/2_line_power_AMK.png Graphic file (type png)

<use images/2_line_power_AMK.png>
<images/2_line_power_MINE.png, id=1015, 578.16pt x 433.62pt>
File: images/2_line_power_MINE.png Graphic file (type png)

<use images/2_line_power_MINE.png>

LaTeX Warning: `!h' float specifier changed to `!ht'.


Underfull \vbox (badness 1496) has occurred while \output is active []

File: ../images/QUB.pdf Graphic file (type pdf)

<use ../images/QUB.pdf> [46]
File: ../images/QUB.pdf Graphic file (type pdf)
 <use ../images/QUB.pdf> [47 <./images/2_line_bitload_AMK.png> <./images/2_line
_bitload_MINE.png> <./images/2_line_power_AMK.png> <./images/2_line_power_MINE.
png>]
<images/b_and_p_stats_2lines_near_far_mipb3g_224_371_2451-bitrate.png, id=1046,
 578.16pt x 433.62pt>
File: images/b_and_p_stats_2lines_near_far_mipb3g_224_371_2451-bitrate.png Grap
hic file (type png)

<use images/b_and_p_stats_2lines_near_far_mipb3g_224_371_2451-bitrate.png>
<images/mipbtest2-bitrate.png, id=1047, 578.16pt x 433.62pt>
File: images/mipbtest2-bitrate.png Graphic file (type png)

<use images/mipbtest2-bitrate.png>
<images/b_and_p_stats_2lines_near_far_mipb3g_224_371_2451-power.png, id=1048, 5
78.16pt x 433.62pt>
File: images/b_and_p_stats_2lines_near_far_mipb3g_224_371_2451-power.png Graphi
c file (type png)

<use images/b_and_p_stats_2lines_near_far_mipb3g_224_371_2451-power.png>
<images/mipbtest2-power.png, id=1049, 578.16pt x 433.62pt>
File: images/mipbtest2-power.png Graphic file (type png)

<use images/mipbtest2-power.png>

LaTeX Warning: `!h' float specifier changed to `!ht'.


<images/b_and_p_stats_2lines_near_far_ISB_224-bitrate.png, id=1050, 578.16pt x 
433.62pt>
File: images/b_and_p_stats_2lines_near_far_ISB_224-bitrate.png Graphic file (ty
pe png)
 <use images/b_and_p_stats_2lines_near_far_ISB_224-bitrate.png>
<images/ISB_2-3k_5k-near_far_CPU-bitrate.png, id=1051, 578.16pt x 433.62pt>
File: images/ISB_2-3k_5k-near_far_CPU-bitrate.png Graphic file (type png)

<use images/ISB_2-3k_5k-near_far_CPU-bitrate.png>
<images/b_and_p_stats_2lines_near_far_ISB_224-power.png, id=1052, 578.16pt x 43
3.62pt>
File: images/b_and_p_stats_2lines_near_far_ISB_224-power.png Graphic file (type
 png)
 <use images/b_and_p_stats_2lines_near_far_ISB_224-power.png>
<images/ISB_2-3k_5k-near_far_CPU-power.png, id=1053, 578.16pt x 433.62pt>
File: images/ISB_2-3k_5k-near_far_CPU-power.png Graphic file (type png)

<use images/ISB_2-3k_5k-near_far_CPU-power.png>

LaTeX Warning: `!h' float specifier changed to `!ht'.


Package hyperref Warning: The anchor of a bookmark and its parent's must not
(hyperref)                be the same. Added a new anchor on input line 243.

<images/OSB_4_profile_CPU.png, id=1056, 855.195pt x 506.89375pt>
File: images/OSB_4_profile_CPU.png Graphic file (type png)

<use images/OSB_4_profile_CPU.png>
<images/ISB_4_profile_CPU.png, id=1057, 851.18pt x 389.455pt>
File: images/ISB_4_profile_CPU.png Graphic file (type png)

<use images/ISB_4_profile_CPU.png>
<images/MIPB_4_profile_CPU.png, id=1058, 665.48625pt x 444.66125pt>
File: images/MIPB_4_profile_CPU.png Graphic file (type png)

<use images/MIPB_4_profile_CPU.png>

LaTeX Warning: Float too large for page by 18.21335pt on input line 253.


LaTeX Warning: `!h' float specifier changed to `!ht'.

File: ../images/QUB.pdf Graphic file (type pdf)
<use ../images/QUB.pdf> [48]
File: ../images/QUB.pdf Graphic file (type pdf)
 <use ../images/QUB.pdf> [49 <./images/b_and_p_stats_2lines_near_far_mipb3g_224
_371_2451-bitrate.png> <./images/mipbtest2-bitrate.png> <./images/b_and_p_stats
_2lines_near_far_mipb3g_224_371_2451-power.png> <./images/mipbtest2-power.png>]
File: ../images/QUB.pdf Graphic file (type pdf)
 <use ../images/QUB.pdf> [50 <./images/b_and_p_stats_2lines_near_far_ISB_224-bi
trate.png> <./images/ISB_2-3k_5k-near_far_CPU-bitrate.png> <./images/b_and_p_st
ats_2lines_near_far_ISB_224-power.png> <./images/ISB_2-3k_5k-near_far_CPU-power
.png>]

Package hyperref Warning: The anchor of a bookmark and its parent's must not
(hyperref)                be the same. Added a new anchor on input line 276.

File: ../images/QUB.pdf Graphic file (type pdf)
<use ../images/QUB.pdf> [51]
File: ../images/QUB.pdf Graphic file (type pdf)
 <use ../images/QUB.pdf> [52]
(/usr/share/texmf-texlive/tex/latex/ucs/utf8x.def
File: utf8x.def 2004/10/17 UCS: Input encoding UTF-8
)
(./sourcefiles/workload-calc.py)
File: ../images/QUB.pdf Graphic file (type pdf)
 <use ../images/QUB.pdf> [53]

Package hyperref Warning: The anchor of a bookmark and its parent's must not
(hyperref)                be the same. Added a new anchor on input line 318.

File: ../images/QUB.pdf Graphic file (type pdf)
<use ../images/QUB.pdf> [54]
<images/OSB_3-3k_5k-near_far_CPU-power.png, id=1140, 578.16pt x 433.62pt>
File: images/OSB_3-3k_5k-near_far_CPU-power.png Graphic file (type png)

<use images/OSB_3-3k_5k-near_far_CPU-power.png>
<images/OSB_3-3k_5k-near_far_GPU-power.png, id=1141, 578.16pt x 433.62pt>
File: images/OSB_3-3k_5k-near_far_GPU-power.png Graphic file (type png)

<use images/OSB_3-3k_5k-near_far_GPU-power.png>
<images/OSB_3-3k_5k-near_far_CPU-bitrate.png, id=1142, 578.16pt x 433.62pt>
File: images/OSB_3-3k_5k-near_far_CPU-bitrate.png Graphic file (type png)

<use images/OSB_3-3k_5k-near_far_CPU-bitrate.png>
<images/OSB_3-3k_5k-near_far_GPU-bitrate.png, id=1143, 578.16pt x 433.62pt>
File: images/OSB_3-3k_5k-near_far_GPU-bitrate.png Graphic file (type png)

<use images/OSB_3-3k_5k-near_far_GPU-bitrate.png>
Underfull \vbox (badness 10000) has occurred while \output is active []

File: ../images/QUB.pdf Graphic file (type pdf)

<use ../images/QUB.pdf> [55]

Package hyperref Warning: The anchor of a bookmark and its parent's must not
(hyperref)                be the same. Added a new anchor on input line 355.

<images/ISB_3-3k_5k-near_far_CPU-power.png, id=1152, 578.16pt x 433.62pt>
File: images/ISB_3-3k_5k-near_far_CPU-power.png Graphic file (type png)

<use images/ISB_3-3k_5k-near_far_CPU-power.png>
<images/ISB_3-3k_5k-near_far_GPU_1-power.png, id=1153, 578.16pt x 433.62pt>
File: images/ISB_3-3k_5k-near_far_GPU_1-power.png Graphic file (type png)

<use images/ISB_3-3k_5k-near_far_GPU_1-power.png>
<images/ISB_3-3k_5k-near_far_CPU-bitrate.png, id=1154, 578.16pt x 433.62pt>
File: images/ISB_3-3k_5k-near_far_CPU-bitrate.png Graphic file (type png)

<use images/ISB_3-3k_5k-near_far_CPU-bitrate.png>
<images/ISB_3-3k_5k-near_far_GPU_1-bitrate.png, id=1155, 578.16pt x 433.62pt>
File: images/ISB_3-3k_5k-near_far_GPU_1-bitrate.png Graphic file (type png)

<use images/ISB_3-3k_5k-near_far_GPU_1-bitrate.png>
Underfull \vbox (badness 8151) has occurred while \output is active []

File: ../images/QUB.pdf Graphic file (type pdf)

<use ../images/QUB.pdf> [56 <./images/OSB_3-3k_5k-near_far_CPU-power.png> <./im
ages/OSB_3-3k_5k-near_far_GPU-power.png> <./images/OSB_3-3k_5k-near_far_CPU-bit
rate.png> <./images/OSB_3-3k_5k-near_far_GPU-bitrate.png>])
File: ../images/QUB.pdf Graphic file (type pdf)

<use ../images/QUB.pdf> [57 <./images/ISB_3-3k_5k-near_far_CPU-power.png> <./im
ages/ISB_3-3k_5k-near_far_GPU_1-power.png> <./images/ISB_3-3k_5k-near_far_CPU-b
itrate.png> <./images/ISB_3-3k_5k-near_far_GPU_1-bitrate.png>]
File: ../images/QUB.pdf Graphic file (type pdf)

<use ../images/QUB.pdf> [58 <./images/OSB_4_profile_CPU.png> <./images/ISB_4_pr
ofile_CPU.png> <./images/MIPB_4_profile_CPU.png>]
\openout2 = `results.aux'.

 (./results.tex
Chapter 4.

Package hyperref Warning: The anchor of a bookmark and its parent's must not
(hyperref)                be the same. Added a new anchor on input line 2.


Package hyperref Warning: The anchor of a bookmark and its parent's must not
(hyperref)                be the same. Added a new anchor on input line 17.


Underfull \hbox (badness 10000) in paragraph at lines 28--28
[]|\OT1/cmss/m/n/10 CPU
 []


Overfull \hbox (3.98932pt too wide) in paragraph at lines 28--28
[]|\OT1/cmss/m/n/10 16597.065| 
 []


LaTeX Warning: `!h' float specifier changed to `!ht'.

<cum-results/raw_results/OSB-gpucompare.png, id=1182, 578.16pt x 433.62pt>
File: cum-results/raw_results/OSB-gpucompare.png Graphic file (type png)

<use cum-results/raw_results/OSB-gpucompare.png>
<cum-results/raw_results/OSB-linecompare.png, id=1183, 578.16pt x 433.62pt>
File: cum-results/raw_results/OSB-linecompare.png Graphic file (type png)

<use cum-results/raw_results/OSB-linecompare.png>

LaTeX Warning: `!h' float specifier changed to `!ht'.

[59



]
File: ../images/QUB.pdf Graphic file (type pdf)
 <use ../images/QUB.pdf> [60 <./cum-results/raw_results/OSB-gpucompare.png> <./
cum-results/raw_results/OSB-linecompare.png>]
<cum-results/raw_results/OSB-gpuspeedup.png, id=1196, 578.16pt x 433.62pt>
File: cum-results/raw_results/OSB-gpuspeedup.png Graphic file (type png)

<use cum-results/raw_results/OSB-gpuspeedup.png>
<cum-results/raw_results/OSB-gpuefficiency.png, id=1197, 578.16pt x 433.62pt>
File: cum-results/raw_results/OSB-gpuefficiency.png Graphic file (type png)

<use cum-results/raw_results/OSB-gpuefficiency.png>

Package hyperref Warning: The anchor of a bookmark and its parent's must not
(hyperref)                be the same. Added a new anchor on input line 69.


LaTeX Warning: `!h' float specifier changed to `!ht'.

<cum-results/raw_results/ISB-gpucompare.png, id=1199, 578.16pt x 433.62pt>
File: cum-results/raw_results/ISB-gpucompare.png Graphic file (type png)

<use cum-results/raw_results/ISB-gpucompare.png>
<cum-results/raw_results/ISB-linecompare.png, id=1200, 578.16pt x 433.62pt>
File: cum-results/raw_results/ISB-linecompare.png Graphic file (type png)

<use cum-results/raw_results/ISB-linecompare.png>

LaTeX Warning: `!h' float specifier changed to `!ht'.

<cum-results/raw_results/ISB-gpuspeedup.png, id=1201, 578.16pt x 433.62pt>
File: cum-results/raw_results/ISB-gpuspeedup.png Graphic file (type png)

<use cum-results/raw_results/ISB-gpuspeedup.png>
<cum-results/raw_results/ISB-gpuefficiency.png, id=1202, 578.16pt x 433.62pt>
File: cum-results/raw_results/ISB-gpuefficiency.png Graphic file (type png)

<use cum-results/raw_results/ISB-gpuefficiency.png>
File: ../images/QUB.pdf Graphic file (type pdf)
 <use ../images/QUB.pdf>
[61 <./cum-results/raw_results/OSB-gpuspeedup.png> <./cum-results/raw_results/O
SB-gpuefficiency.png>]
File: ../images/QUB.pdf Graphic file (type pdf)
 <use ../images/QUB.pdf> [62 <./cum-results/raw_results/ISB-gpucompare.png> <./
cum-results/raw_results/ISB-linecompare.png> <./cum-results/raw_results/ISB-gpu
speedup.png> <./cum-results/raw_results/ISB-gpuefficiency.png>])
File: ../images/QUB.pdf Graphic file (type pdf)
 <use ../images/QUB.pdf> [63]
\openout2 = `evaluation.aux'.

 (./evaluation.tex
Chapter 5.

Package hyperref Warning: The anchor of a bookmark and its parent's must not
(hyperref)                be the same. Added a new anchor on input line 2.

[64



])
File: ../images/QUB.pdf Graphic file (type pdf)
 <use ../images/QUB.pdf> [65]
File: ../images/QUB.pdf Graphic file (type pdf)
 <use ../images/QUB.pdf> [66] (./report.bbl
Underfull \hbox (badness 7099) in paragraph at lines 9--14
[]\OT1/cmss/m/n/10 BT PLC.  Re-sults for the third quar-ter and nine months to 
31 De-cem-ber 2010.
 []


Underfull \hbox (badness 10000) in paragraph at lines 9--14
\OT1/cmss/m/n/10 http://www.btplc.com/News/Articles/Showarticle.cfm?ArticleID=E
9EBBBBE-5744-4DF7-B30C-
 []


Underfull \hbox (badness 10000) in paragraph at lines 21--26
[]\OT1/cmss/m/n/10 OfCom.  UK fixed broad-band speeds, Novem-ber/De-cem-ber 201
0.
 []


Underfull \hbox (badness 10000) in paragraph at lines 21--26
\OT1/cmss/m/n/10 http://stakeholders.ofcom.org.uk/market-data-research/telecoms
-research/broadband-speeds/speeds-
 []


Underfull \hbox (badness 10000) in paragraph at lines 51--56
[]\OT1/cmss/m/n/10 Various.  Or-thog-o-nal frequency-division mul-ti-plex-ing: 
Key Fea-tures.
 []


Underfull \hbox (badness 10000) in paragraph at lines 51--56
\OT1/cmss/m/n/10 http://en.wikipedia.org/wiki/Orthogonal[]frequency-division[]m
ultiplexing#Key[]features, Novem-ber
 []

[67




]
File: ../images/QUB.pdf Graphic file (type pdf)
 <use ../images/QUB.pdf> [68]
Underfull \hbox (badness 10000) in paragraph at lines 250--256
[]\OT1/cmss/m/n/10 JM Rabaey.  Scal-ing the Power Wall: Re-vis-it-ing the Low-P
ower De-sign Rules.
 []


Overfull \hbox (142.07214pt too wide) in paragraph at lines 287--292
[]\OT1/cmss/m/n/10 Nvidia Cor-po-ra-tion.  Tesla C2050/2070 Prod-uct Brief.  ht
tp://www.nvidia.com/docs/IO/43395/NV[]DS[]Tesla[]C2050[]C2070[]jul10[]lores.pdf
,
 []


Underfull \hbox (badness 10000) in paragraph at lines 294--299
[]\OT1/cmss/m/n/10 NVidia Cor-po-ra-tion.  Com-pute Uni-fied De-vice Ar-chi-tec
-ture Pro-gram-ming Guide.
 []


Overfull \hbox (2.74147pt too wide) in paragraph at lines 294--299
\OT1/cmss/m/n/10 http://developer.download.nvidia.com/compute/cuda/1[]0/NVIDIA[
]CUDA[]Programming[]Guide[]1.0.pdf,
 []

File: ../images/QUB.pdf Graphic file (type pdf)
<use ../images/QUB.pdf> [69]
Underfull \hbox (badness 10000) in paragraph at lines 313--319
[]\OT1/cmss/m/n/10 iVEC.  High Per-for-mance GPU Com-put-ing with NVIDIA, CUDA,
 and Fermi.
 []


Underfull \hbox (badness 10000) in paragraph at lines 313--319
\OT1/cmss/m/n/10 http://www.ivec.org/events/2011-01/high-performance-gpu-comput
ing-nvidia-cuda-and-fermi, Au-
 []


Underfull \hbox (badness 7685) in paragraph at lines 321--324
[]\OT1/cmss/m/n/10 Kayvon Fa-ta-halian.  From Shader Code to a Ter-aflop: How S
hader Cores Work.
 []


Overfull \hbox (242.74788pt too wide) in paragraph at lines 331--336
[]\OT1/cmss/m/n/10 NVidia Cor-po-ra-tion.  CUDA C Pro-gram-ming Guide.  http://
developer.download.nvidia.com/compute/cuda/4[]0[]rc2/toolkit/docs/CUDA[]C[]Prog
ramming[]Guide.pdf,
 []


Underfull \hbox (badness 10000) in paragraph at lines 344--350
[]\OT1/cmss/m/n/10 Tomas Nord-str^^?om Robert Balde-mair, Michael Hor-vat.  Pro
-posed
 []


Underfull \hbox (badness 10000) in paragraph at lines 344--350
\OT1/cmss/m/n/10 Method on Crosstalk Cal-cu-la-tions in a Dis-tributed En-vi-ro
n-ment.
 []


Underfull \hbox (badness 10000) in paragraph at lines 357--360
[]\OT1/cmss/m/n/10 Gerard Richter.  Rut-gers CS510, Nu-mer-i-cal Anal-y-sis mod
-ule notes.
 []

)
File: ../images/QUB.pdf Graphic file (type pdf)
 <use ../images/QUB.pdf> [70]
\openout2 = `appendices.aux'.

 (./appendices.tex
(/usr/share/texmf-texlive/tex/latex/ucs/utf8x.def
File: utf8x.def 2004/10/17 UCS: Input encoding UTF-8
)
(./sourcefiles/calc_fext_xtalk_gain.py
LaTeX Font Info:    Try loading font information for TS1+pcr on input line 2.

(/usr/share/texmf-texlive/tex/latex/psnfss/ts1pcr.fd
File: ts1pcr.fd 2001/06/04 font definitions for TS1/pcr.
)
Underfull \vbox (badness 10000) has occurred while \output is active []

File: ../images/QUB.pdf Graphic file (type pdf)

<use ../images/QUB.pdf> [71

])
File: ../images/QUB.pdf Graphic file (type pdf)
 <use ../images/QUB.pdf> [72]
(/usr/share/texmf-texlive/tex/latex/ucs/utf8x.def
File: utf8x.def 2004/10/17 UCS: Input encoding UTF-8
)
(./sourcefiles/osb-optimise-p-cpu.py)
File: ../images/QUB.pdf Graphic file (type pdf)
 <use ../images/QUB.pdf> [73

]
(/usr/share/texmf-texlive/tex/latex/ucs/utf8x.def
File: utf8x.def 2004/10/17 UCS: Input encoding UTF-8
)
(./sourcefiles/isb-optimise-p-cpu.py)
Underfull \vbox (badness 10000) has occurred while \output is active []

File: ../images/QUB.pdf Graphic file (type pdf)

<use ../images/QUB.pdf> [74

] (/usr/share/texmf-texlive/tex/latex/ucs/utf8x.def
File: utf8x.def 2004/10/17 UCS: Input encoding UTF-8
) (./sourcefiles/cuda-solver.cu
Underfull \vbox (badness 10000) has occurred while \output is active []

File: ../images/QUB.pdf Graphic file (type pdf)

<use ../images/QUB.pdf> [75

])
File: ../images/QUB.pdf Graphic file (type pdf)
 <use ../images/QUB.pdf> [76]
(/usr/share/texmf-texlive/tex/latex/ucs/utf8x.def
File: utf8x.def 2004/10/17 UCS: Input encoding UTF-8
) (./sourcefiles/gpu.c
Underfull \vbox (badness 10000) has occurred while \output is active []

File: ../images/QUB.pdf Graphic file (type pdf)

<use ../images/QUB.pdf> [77

]
Underfull \vbox (badness 10000) has occurred while \output is active []

File: ../images/QUB.pdf Graphic file (type pdf)

<use ../images/QUB.pdf> [78]
Underfull \vbox (badness 10000) has occurred while \output is active []

File: ../images/QUB.pdf Graphic file (type pdf)

<use ../images/QUB.pdf> [79]))
File: ../images/QUB.pdf Graphic file (type pdf)
 <use ../images/QUB.pdf> [80]
No complaints by nag.
(./report.aux (./originality.aux) (./introduction.aux) (./research.aux)
(./solution.aux) (./results.aux) (./evaluation.aux) (./appendices.aux)) ) 
Here is how much of TeX's memory you used:
 14168 strings out of 495061
 204040 string characters out of 1182621
 854216 words of memory out of 3000000
 16592 multiletter control sequences out of 15000+50000
 18809 words of font info for 71 fonts, out of 3000000 for 9000
 28 hyphenation exceptions out of 8191
 41i,17n,53p,1875b,2313s stack positions out of 5000i,500n,10000p,200000b,50000s
pdfTeX
 warning (dest): name{Hfootnote.74} has been referenced but does not exist, rep
laced by a fixed one

pdfTeX warning (dest): name{Hfootnote.73} has been referenced but does not exis
t, replaced by a fixed one

pdfTeX warning (dest): name{Hfootnote.38} has been referenced but does not exis
t, replaced by a fixed one

pdfTeX warning (dest): name{Hfootnote.37} has been referenced but does not exis
t, replaced by a fixed one

pdfTeX warning (dest): name{Hfootnote.36} has been referenced but does not exis
t, replaced by a fixed one

pdfTeX warning (dest): name{Hfootnote.35} has been referenced but does not exis
t, replaced by a fixed one

pdfTeX warning (dest): name{Hfootnote.34} has been referenced but does not exis
t, replaced by a fixed one

pdfTeX warning (dest): name{Hfootnote.33} has been referenced but does not exis
t, replaced by a fixed one

{/usr/share/texmf-texlive/fonts/enc/dvips/base/8r.enc} </home/bolster/.texmf-va
r/fonts/pk/ljfour/jknappen/ec/tcss1000.600pk></usr/share/texmf-texlive/fonts/ty
pe1/public/amsfonts/cm/cmex10.pfb></usr/share/texmf-texlive/fonts/type1/public/
amsfonts/cmextra/cmex7.pfb></usr/share/texmf-texlive/fonts/type1/public/amsfont
s/cm/cmmi10.pfb></usr/share/texmf-texlive/fonts/type1/public/amsfonts/cm/cmmi5.
pfb></usr/share/texmf-texlive/fonts/type1/public/amsfonts/cm/cmmi6.pfb></usr/sh
are/texmf-texlive/fonts/type1/public/amsfonts/cm/cmmi7.pfb></usr/share/texmf-te
xlive/fonts/type1/public/amsfonts/cm/cmmi8.pfb></usr/share/texmf-texlive/fonts/
type1/public/amsfonts/cm/cmr10.pfb></usr/share/texmf-texlive/fonts/type1/public
/amsfonts/cm/cmr5.pfb></usr/share/texmf-texlive/fonts/type1/public/amsfonts/cm/
cmr7.pfb></usr/share/texmf-texlive/fonts/type1/public/amsfonts/cm/cmr8.pfb></us
r/share/texmf-texlive/fonts/type1/public/amsfonts/cm/cmss10.pfb></usr/share/tex
mf-texlive/fonts/type1/public/amsfonts/cm/cmss12.pfb></usr/share/texmf-texlive/
fonts/type1/public/amsfonts/cm/cmss17.pfb></usr/share/texmf-texlive/fonts/type1
/public/amsfonts/cm/cmss8.pfb></usr/share/texmf-texlive/fonts/type1/public/amsf
onts/cm/cmss9.pfb></usr/share/texmf-texlive/fonts/type1/public/amsfonts/cm/cmss
bx10.pfb></usr/share/texmf-texlive/fonts/type1/public/amsfonts/cm/cmssi8.pfb></
usr/share/texmf-texlive/fonts/type1/public/amsfonts/cm/cmsy10.pfb></usr/share/t
exmf-texlive/fonts/type1/public/amsfonts/cm/cmsy5.pfb></usr/share/texmf-texlive
/fonts/type1/public/amsfonts/cm/cmsy7.pfb></usr/share/texmf-texlive/fonts/type1
/public/amsfonts/cm/cmsy8.pfb></usr/share/texmf-texlive/fonts/type1/urw/courier
/ucrr8a.pfb>
Output written on report.pdf (90 pages, 3225795 bytes).
PDF statistics:
 1439 PDF objects out of 1440 (max. 8388607)
 302 named destinations out of 1000 (max. 500000)
 853 words of extra memory for PDF output out of 10000 (max. 10000000)

